Recorded sound @ Fri 24 Apr 2020 03:07:11 AM UTC for 1 seconds
Recorded sound @ Fri 24 Apr 2020 11:01:01 AM UTC for 3600 seconds
Recorded sound @ Fri 24 Apr 2020 11:02:01 AM UTC for 3600 seconds
Recorded sound @ Fri 24 Apr 2020 11:03:01 AM UTC for 3600 seconds
Recorded sound @ Fri 24 Apr 2020 11:04:02 AM UTC for 3600 seconds
Recorded sound @ Fri 24 Apr 2020 11:05:01 AM UTC for 3600 seconds
Recorded sound @ Fri 24 Apr 2020 11:06:01 AM UTC for 3600 seconds
Recorded sound @ Fri 24 Apr 2020 11:07:01 AM UTC for 3600 seconds
Recorded sound @ Fri 24 Apr 2020 11:08:01 AM UTC for 3600 seconds
Recorded sound @ Fri 24 Apr 2020 11:09:01 AM UTC for 3600 seconds
Recorded sound @ Fri 24 Apr 2020 11:10:01 AM UTC for 3600 seconds
Recorded sound @ Fri 24 Apr 2020 11:11:01 AM UTC for 3600 seconds
Recorded sound @ Fri 24 Apr 2020 11:12:01 AM UTC for 3600 seconds
Recorded sound @ Fri 24 Apr 2020 11:13:01 AM UTC for 3600 seconds
Recorded sound @ Fri 24 Apr 2020 11:14:01 AM UTC for 3600 seconds
Recorded sound @ Fri 24 Apr 2020 11:15:01 AM UTC for 3600 seconds
Recorded sound @ Fri 24 Apr 2020 11:16:01 AM UTC for 3600 seconds
Recorded sound @ Fri 24 Apr 2020 11:17:02 AM UTC for 3600 seconds
Recorded sound @ Fri 24 Apr 2020 11:18:02 AM UTC for 3600 seconds
Recorded sound @ Fri 24 Apr 2020 11:19:02 AM UTC for 3600 seconds
Recorded sound @ Fri 24 Apr 2020 11:20:01 AM UTC for 3600 seconds
Recorded sound @ Fri 24 Apr 2020 11:21:01 AM UTC for 3600 seconds
Recorded sound @ Fri 24 Apr 2020 11:22:01 AM UTC for 3600 seconds
Recorded sound @ Fri 24 Apr 2020 11:23:01 AM UTC for 3600 seconds
Recorded sound @ Fri 24 Apr 2020 11:24:01 AM UTC for 3600 seconds
Recorded sound @ Fri 24 Apr 2020 11:25:01 AM UTC for 3600 seconds
Recorded sound @ Fri 24 Apr 2020 11:26:01 AM UTC for 3600 seconds
Recorded sound @ Fri 24 Apr 2020 11:27:01 AM UTC for 3600 seconds
Recorded sound @ Fri 24 Apr 2020 11:28:01 AM UTC for 3600 seconds
Recorded sound @ Fri 24 Apr 2020 11:29:01 AM UTC for 3600 seconds
Recorded sound @ Fri 24 Apr 2020 11:30:01 AM UTC for 3600 seconds
Recorded sound @ Fri 24 Apr 2020 11:31:01 AM UTC for 3600 seconds
Recorded sound @ Fri 24 Apr 2020 11:32:01 AM UTC for 3600 seconds
Recorded sound @ Fri 24 Apr 2020 11:33:02 AM UTC for 3600 seconds
Recorded sound @ Fri 24 Apr 2020 11:34:01 AM UTC for 3600 seconds
Recorded sound @ Fri 24 Apr 2020 11:35:01 AM UTC for 3600 seconds
Recorded sound @ Fri 24 Apr 2020 11:36:01 AM UTC for 3600 seconds
Recorded sound @ Fri 24 Apr 2020 11:37:01 AM UTC for 3600 seconds
Recorded sound @ Fri 24 Apr 2020 11:38:01 AM UTC for 3600 seconds
Recorded sound @ Fri 24 Apr 2020 11:39:01 AM UTC for 3600 seconds
Recorded sound @ Fri 24 Apr 2020 11:40:01 AM UTC for 3600 seconds
Recorded sound @ Fri 24 Apr 2020 11:41:01 AM UTC for 3600 seconds
Recorded sound @ Fri 24 Apr 2020 11:42:01 AM UTC for 3600 seconds
Recorded sound @ Fri 24 Apr 2020 11:43:01 AM UTC for 3600 seconds
Recorded sound @ Fri 24 Apr 2020 11:44:01 AM UTC for 3600 seconds
Recorded sound @ Fri 24 Apr 2020 11:45:01 AM UTC for 3600 seconds
Recorded sound @ Fri 24 Apr 2020 11:46:01 AM UTC for 3600 seconds
Recorded sound @ Fri 24 Apr 2020 11:47:01 AM UTC for 3600 seconds
Recorded sound @ Fri 24 Apr 2020 11:48:01 AM UTC for 3600 seconds
Recorded sound @ Fri 24 Apr 2020 11:49:01 AM UTC for 3600 seconds
Recorded sound @ Fri 24 Apr 2020 11:50:02 AM UTC for 3600 seconds
Recorded sound @ Fri 24 Apr 2020 11:51:02 AM UTC for 3600 seconds
Recorded sound @ Fri 24 Apr 2020 11:52:02 AM UTC for 3600 seconds
Recorded sound @ Fri 24 Apr 2020 11:53:02 AM UTC for 3600 seconds
Recorded sound @ Fri 24 Apr 2020 11:54:02 AM UTC for 3600 seconds
Recorded sound @ Fri 24 Apr 2020 11:55:01 AM UTC for 3600 seconds
Recorded sound @ Fri 24 Apr 2020 11:56:01 AM UTC for 3600 seconds
Recorded sound @ Fri 24 Apr 2020 11:57:01 AM UTC for 3600 seconds
Recorded sound @ Fri 24 Apr 2020 11:58:01 AM UTC for 3600 seconds
Recorded sound @ Fri 24 Apr 2020 11:59:01 AM UTC for 3600 seconds
Recorded sound @ Fri 24 Apr 2020 12:00:02 PM UTC for 3600 seconds
Recorded sound @ Sat 25 Apr 2020 11:01:01 AM UTC for 3600 seconds
Recorded sound @ Sat 25 Apr 2020 11:02:02 AM UTC for 3600 seconds
Recorded sound @ Sat 25 Apr 2020 11:03:01 AM UTC for 3600 seconds
Recorded sound @ Sat 25 Apr 2020 11:04:02 AM UTC for 3600 seconds
Recorded sound @ Sat 25 Apr 2020 11:05:02 AM UTC for 3600 seconds
Recorded sound @ Sat 25 Apr 2020 11:06:01 AM UTC for 3600 seconds
Recorded sound @ Sat 25 Apr 2020 11:07:01 AM UTC for 3600 seconds
Recorded sound @ Sat 25 Apr 2020 11:08:01 AM UTC for 3600 seconds
Recorded sound @ Sat 25 Apr 2020 11:09:01 AM UTC for 3600 seconds
Recorded sound @ Sat 25 Apr 2020 11:10:01 AM UTC for 3600 seconds
Recorded sound @ Sat 25 Apr 2020 11:11:01 AM UTC for 3600 seconds
Recorded sound @ Sat 25 Apr 2020 11:12:01 AM UTC for 3600 seconds
Recorded sound @ Sat 25 Apr 2020 11:13:01 AM UTC for 3600 seconds
Recorded sound @ Sat 25 Apr 2020 11:14:01 AM UTC for 3600 seconds
Recorded sound @ Sat 25 Apr 2020 11:15:01 AM UTC for 3600 seconds
Recorded sound @ Sat 25 Apr 2020 11:16:01 AM UTC for 3600 seconds
Recorded sound @ Sat 25 Apr 2020 11:17:01 AM UTC for 3600 seconds
Recorded sound @ Sat 25 Apr 2020 11:18:01 AM UTC for 3600 seconds
Recorded sound @ Sat 25 Apr 2020 11:19:01 AM UTC for 3600 seconds
Recorded sound @ Sat 25 Apr 2020 11:20:01 AM UTC for 3600 seconds
Recorded sound @ Sat 25 Apr 2020 11:21:01 AM UTC for 3600 seconds
Recorded sound @ Sat 25 Apr 2020 11:22:01 AM UTC for 3600 seconds
Recorded sound @ Sat 25 Apr 2020 11:23:01 AM UTC for 3600 seconds
Recorded sound @ Sat 25 Apr 2020 11:24:01 AM UTC for 3600 seconds
Recorded sound @ Sat 25 Apr 2020 11:25:02 AM UTC for 3600 seconds
Recorded sound @ Sat 25 Apr 2020 11:26:02 AM UTC for 3600 seconds
Recorded sound @ Sat 25 Apr 2020 11:27:01 AM UTC for 3600 seconds
Recorded sound @ Sat 25 Apr 2020 11:28:01 AM UTC for 3600 seconds
Recorded sound @ Sat 25 Apr 2020 11:29:01 AM UTC for 3600 seconds
Recorded sound @ Sat 25 Apr 2020 11:30:01 AM UTC for 3600 seconds
Recorded sound @ Sat 25 Apr 2020 11:31:01 AM UTC for 3600 seconds
Recorded sound @ Sat 25 Apr 2020 11:32:01 AM UTC for 3600 seconds
Recorded sound @ Sat 25 Apr 2020 11:33:01 AM UTC for 3600 seconds
Recorded sound @ Sat 25 Apr 2020 11:34:01 AM UTC for 3600 seconds
Recorded sound @ Sat 25 Apr 2020 11:35:01 AM UTC for 3600 seconds
Recorded sound @ Sat 25 Apr 2020 11:36:01 AM UTC for 3600 seconds
Recorded sound @ Sat 25 Apr 2020 11:37:01 AM UTC for 3600 seconds
Recorded sound @ Sat 25 Apr 2020 11:38:01 AM UTC for 3600 seconds
Recorded sound @ Sat 25 Apr 2020 11:39:01 AM UTC for 3600 seconds
Recorded sound @ Sat 25 Apr 2020 11:40:01 AM UTC for 3600 seconds
Recorded sound @ Sat 25 Apr 2020 11:41:01 AM UTC for 3600 seconds
Recorded sound @ Sat 25 Apr 2020 11:42:01 AM UTC for 3600 seconds
Recorded sound @ Sat 25 Apr 2020 11:43:01 AM UTC for 3600 seconds
Recorded sound @ Sat 25 Apr 2020 11:44:01 AM UTC for 3600 seconds
Recorded sound @ Sat 25 Apr 2020 11:45:01 AM UTC for 3600 seconds
Recorded sound @ Sat 25 Apr 2020 11:46:01 AM UTC for 3600 seconds
Recorded sound @ Sat 25 Apr 2020 11:47:01 AM UTC for 3600 seconds
Recorded sound @ Sat 25 Apr 2020 11:48:01 AM UTC for 3600 seconds
Recorded sound @ Sat 25 Apr 2020 11:49:02 AM UTC for 3600 seconds
Recorded sound @ Sat 25 Apr 2020 11:50:01 AM UTC for 3600 seconds
Recorded sound @ Sat 25 Apr 2020 11:51:01 AM UTC for 3600 seconds
Recorded sound @ Sat 25 Apr 2020 11:52:01 AM UTC for 3600 seconds
Recorded sound @ Sat 25 Apr 2020 11:53:01 AM UTC for 3600 seconds
Recorded sound @ Sat 25 Apr 2020 11:54:01 AM UTC for 3600 seconds
Recorded sound @ Sat 25 Apr 2020 11:55:01 AM UTC for 3600 seconds
Recorded sound @ Sat 25 Apr 2020 11:56:01 AM UTC for 3600 seconds
Recorded sound @ Sat 25 Apr 2020 11:57:01 AM UTC for 3600 seconds
Recorded sound @ Sat 25 Apr 2020 11:58:01 AM UTC for 3600 seconds
Recorded sound @ Sat 25 Apr 2020 11:59:01 AM UTC for 3600 seconds
Recorded sound @ Sat 25 Apr 2020 12:00:01 PM UTC for 3600 seconds
Recorded sound @ Sun 26 Apr 2020 11:01:01 AM UTC for 3600 seconds
Recorded sound @ Sun 26 Apr 2020 11:02:01 AM UTC for 3600 seconds
Recorded sound @ Sun 26 Apr 2020 11:03:01 AM UTC for 3600 seconds
Recorded sound @ Sun 26 Apr 2020 11:04:01 AM UTC for 3600 seconds
Recorded sound @ Sun 26 Apr 2020 11:05:01 AM UTC for 3600 seconds
Recorded sound @ Sun 26 Apr 2020 11:06:01 AM UTC for 3600 seconds
Recorded sound @ Sun 26 Apr 2020 11:07:02 AM UTC for 3600 seconds
Recorded sound @ Sun 26 Apr 2020 11:08:02 AM UTC for 3600 seconds
Recorded sound @ Sun 26 Apr 2020 11:09:01 AM UTC for 3600 seconds
Recorded sound @ Sun 26 Apr 2020 11:10:01 AM UTC for 3600 seconds
Recorded sound @ Sun 26 Apr 2020 11:11:01 AM UTC for 3600 seconds
Recorded sound @ Sun 26 Apr 2020 11:12:01 AM UTC for 3600 seconds
Recorded sound @ Sun 26 Apr 2020 11:13:01 AM UTC for 3600 seconds
Recorded sound @ Sun 26 Apr 2020 11:14:01 AM UTC for 3600 seconds
Recorded sound @ Sun 26 Apr 2020 11:15:01 AM UTC for 3600 seconds
Recorded sound @ Sun 26 Apr 2020 11:16:01 AM UTC for 3600 seconds
Recorded sound @ Sun 26 Apr 2020 11:17:01 AM UTC for 3600 seconds
Recorded sound @ Sun 26 Apr 2020 11:18:01 AM UTC for 3600 seconds
Recorded sound @ Sun 26 Apr 2020 11:19:01 AM UTC for 3600 seconds
Recorded sound @ Sun 26 Apr 2020 11:20:01 AM UTC for 3600 seconds
Recorded sound @ Sun 26 Apr 2020 11:21:01 AM UTC for 3600 seconds
Recorded sound @ Sun 26 Apr 2020 11:22:01 AM UTC for 3600 seconds
Recorded sound @ Sun 26 Apr 2020 11:23:01 AM UTC for 3600 seconds
Recorded sound @ Sun 26 Apr 2020 11:24:02 AM UTC for 3600 seconds
Recorded sound @ Sun 26 Apr 2020 11:25:01 AM UTC for 3600 seconds
Recorded sound @ Sun 26 Apr 2020 11:26:01 AM UTC for 3600 seconds
Recorded sound @ Sun 26 Apr 2020 11:27:01 AM UTC for 3600 seconds
Recorded sound @ Sun 26 Apr 2020 11:28:01 AM UTC for 3600 seconds
Recorded sound @ Sun 26 Apr 2020 11:29:01 AM UTC for 3600 seconds
Recorded sound @ Sun 26 Apr 2020 11:30:01 AM UTC for 3600 seconds
Recorded sound @ Sun 26 Apr 2020 11:31:01 AM UTC for 3600 seconds
Recorded sound @ Sun 26 Apr 2020 11:32:01 AM UTC for 3600 seconds
Recorded sound @ Sun 26 Apr 2020 11:33:01 AM UTC for 3600 seconds
Recorded sound @ Sun 26 Apr 2020 11:34:01 AM UTC for 3600 seconds
Recorded sound @ Sun 26 Apr 2020 11:35:01 AM UTC for 3600 seconds
Recorded sound @ Sun 26 Apr 2020 11:36:01 AM UTC for 3600 seconds
Recorded sound @ Sun 26 Apr 2020 11:37:01 AM UTC for 3600 seconds
Recorded sound @ Sun 26 Apr 2020 11:38:02 AM UTC for 3600 seconds
Recorded sound @ Sun 26 Apr 2020 11:39:01 AM UTC for 3600 seconds
Recorded sound @ Sun 26 Apr 2020 11:40:01 AM UTC for 3600 seconds
Recorded sound @ Sun 26 Apr 2020 11:41:01 AM UTC for 3600 seconds
Recorded sound @ Sun 26 Apr 2020 11:42:01 AM UTC for 3600 seconds
Recorded sound @ Sun 26 Apr 2020 11:43:01 AM UTC for 3600 seconds
Recorded sound @ Sun 26 Apr 2020 11:44:01 AM UTC for 3600 seconds
Recorded sound @ Sun 26 Apr 2020 11:45:01 AM UTC for 3600 seconds
Recorded sound @ Sun 26 Apr 2020 11:46:01 AM UTC for 3600 seconds
Recorded sound @ Sun 26 Apr 2020 11:47:01 AM UTC for 3600 seconds
Recorded sound @ Sun 26 Apr 2020 11:48:01 AM UTC for 3600 seconds
Recorded sound @ Sun 26 Apr 2020 11:49:01 AM UTC for 3600 seconds
Recorded sound @ Sun 26 Apr 2020 11:50:01 AM UTC for 3600 seconds
Recorded sound @ Sun 26 Apr 2020 11:51:01 AM UTC for 3600 seconds
Recorded sound @ Sun 26 Apr 2020 11:52:02 AM UTC for 3600 seconds
Recorded sound @ Sun 26 Apr 2020 11:53:02 AM UTC for 3600 seconds
Recorded sound @ Sun 26 Apr 2020 11:54:02 AM UTC for 3600 seconds
Recorded sound @ Sun 26 Apr 2020 11:55:02 AM UTC for 3600 seconds
Recorded sound @ Sun 26 Apr 2020 11:56:01 AM UTC for 3600 seconds
Recorded sound @ Sun 26 Apr 2020 11:57:01 AM UTC for 3600 seconds
Recorded sound @ Sun 26 Apr 2020 11:58:01 AM UTC for 3600 seconds
Recorded sound @ Sun 26 Apr 2020 11:59:01 AM UTC for 3600 seconds
Recorded sound @ Sun 26 Apr 2020 12:00:02 PM UTC for 3600 seconds
Recorded sound @ Mon 27 Apr 2020 11:01:01 AM UTC for 3600 seconds
Recorded sound @ Mon 27 Apr 2020 11:02:01 AM UTC for 3600 seconds
Recorded sound @ Mon 27 Apr 2020 11:03:01 AM UTC for 3600 seconds
Recorded sound @ Mon 27 Apr 2020 11:04:01 AM UTC for 3600 seconds
Recorded sound @ Mon 27 Apr 2020 11:05:01 AM UTC for 3600 seconds
Recorded sound @ Mon 27 Apr 2020 11:06:01 AM UTC for 3600 seconds
Recorded sound @ Mon 27 Apr 2020 11:07:01 AM UTC for 3600 seconds
Recorded sound @ Mon 27 Apr 2020 11:08:01 AM UTC for 3600 seconds
Recorded sound @ Mon 27 Apr 2020 11:09:01 AM UTC for 3600 seconds
Recorded sound @ Mon 27 Apr 2020 11:10:01 AM UTC for 3600 seconds
Recorded sound @ Mon 27 Apr 2020 11:11:01 AM UTC for 3600 seconds
Recorded sound @ Mon 27 Apr 2020 11:12:01 AM UTC for 3600 seconds
Recorded sound @ Mon 27 Apr 2020 11:13:01 AM UTC for 3600 seconds
Recorded sound @ Mon 27 Apr 2020 11:14:01 AM UTC for 3600 seconds
Recorded sound @ Mon 27 Apr 2020 11:15:01 AM UTC for 3600 seconds
Recorded sound @ Mon 27 Apr 2020 11:16:01 AM UTC for 3600 seconds
Recorded sound @ Mon 27 Apr 2020 11:17:01 AM UTC for 3600 seconds
Recorded sound @ Mon 27 Apr 2020 11:18:01 AM UTC for 3600 seconds
Recorded sound @ Mon 27 Apr 2020 11:19:01 AM UTC for 3600 seconds
Recorded sound @ Mon 27 Apr 2020 11:20:01 AM UTC for 3600 seconds
Recorded sound @ Mon 27 Apr 2020 11:21:01 AM UTC for 3600 seconds
Recorded sound @ Mon 27 Apr 2020 11:22:01 AM UTC for 3600 seconds
Recorded sound @ Mon 27 Apr 2020 11:23:01 AM UTC for 3600 seconds
Recorded sound @ Mon 27 Apr 2020 11:24:01 AM UTC for 3600 seconds
Recorded sound @ Mon 27 Apr 2020 11:25:01 AM UTC for 3600 seconds
Recorded sound @ Mon 27 Apr 2020 11:26:01 AM UTC for 3600 seconds
Recorded sound @ Mon 27 Apr 2020 11:27:01 AM UTC for 3600 seconds
Recorded sound @ Mon 27 Apr 2020 11:28:01 AM UTC for 3600 seconds
Recorded sound @ Mon 27 Apr 2020 11:29:01 AM UTC for 3600 seconds
Recorded sound @ Mon 27 Apr 2020 11:30:01 AM UTC for 3600 seconds
Recorded sound @ Mon 27 Apr 2020 11:31:01 AM UTC for 3600 seconds
Recorded sound @ Mon 27 Apr 2020 11:32:01 AM UTC for 3600 seconds
Recorded sound @ Mon 27 Apr 2020 11:33:01 AM UTC for 3600 seconds
Recorded sound @ Mon 27 Apr 2020 11:34:01 AM UTC for 3600 seconds
Recorded sound @ Mon 27 Apr 2020 11:35:01 AM UTC for 3600 seconds
Recorded sound @ Mon 27 Apr 2020 11:36:01 AM UTC for 3600 seconds
Recorded sound @ Mon 27 Apr 2020 11:37:01 AM UTC for 3600 seconds
Recorded sound @ Mon 27 Apr 2020 11:38:02 AM UTC for 3600 seconds
Recorded sound @ Mon 27 Apr 2020 11:39:02 AM UTC for 3600 seconds
Recorded sound @ Mon 27 Apr 2020 11:40:01 AM UTC for 3600 seconds
Recorded sound @ Mon 27 Apr 2020 11:41:01 AM UTC for 3600 seconds
Recorded sound @ Mon 27 Apr 2020 11:42:01 AM UTC for 3600 seconds
Recorded sound @ Mon 27 Apr 2020 11:43:01 AM UTC for 3600 seconds
Recorded sound @ Mon 27 Apr 2020 11:44:01 AM UTC for 3600 seconds
Recorded sound @ Mon 27 Apr 2020 11:45:01 AM UTC for 3600 seconds
Recorded sound @ Mon 27 Apr 2020 11:46:01 AM UTC for 3600 seconds
Recorded sound @ Mon 27 Apr 2020 11:47:01 AM UTC for 3600 seconds
Recorded sound @ Mon 27 Apr 2020 11:48:01 AM UTC for 3600 seconds
Recorded sound @ Mon 27 Apr 2020 11:49:01 AM UTC for 3600 seconds
Recorded sound @ Mon 27 Apr 2020 11:50:02 AM UTC for 3600 seconds
Recorded sound @ Mon 27 Apr 2020 11:51:01 AM UTC for 3600 seconds
Recorded sound @ Mon 27 Apr 2020 11:52:01 AM UTC for 3600 seconds
Recorded sound @ Mon 27 Apr 2020 11:53:01 AM UTC for 3600 seconds
Recorded sound @ Mon 27 Apr 2020 11:54:01 AM UTC for 3600 seconds
Recorded sound @ Mon 27 Apr 2020 11:55:01 AM UTC for 3600 seconds
Recorded sound @ Mon 27 Apr 2020 11:56:01 AM UTC for 3600 seconds
Recorded sound @ Mon 27 Apr 2020 11:57:01 AM UTC for 3600 seconds
Recorded sound @ Mon 27 Apr 2020 11:58:01 AM UTC for 3600 seconds
Recorded sound @ Mon 27 Apr 2020 11:59:01 AM UTC for 3600 seconds
Recorded sound @ Mon 27 Apr 2020 12:00:01 PM UTC for 3600 seconds
Recorded sound @ Tue 28 Apr 2020 11:01:02 AM UTC for 3600 seconds
Recorded sound @ Tue 28 Apr 2020 11:02:01 AM UTC for 3600 seconds
Recorded sound @ Tue 28 Apr 2020 11:03:01 AM UTC for 3600 seconds
Recorded sound @ Tue 28 Apr 2020 11:04:01 AM UTC for 3600 seconds
Recorded sound @ Tue 28 Apr 2020 11:05:01 AM UTC for 3600 seconds
Recorded sound @ Tue 28 Apr 2020 11:06:01 AM UTC for 3600 seconds
Recorded sound @ Tue 28 Apr 2020 11:07:01 AM UTC for 3600 seconds
Recorded sound @ Tue 28 Apr 2020 11:08:01 AM UTC for 3600 seconds
Recorded sound @ Tue 28 Apr 2020 11:09:01 AM UTC for 3600 seconds
Recorded sound @ Tue 28 Apr 2020 11:10:01 AM UTC for 3600 seconds
Recorded sound @ Tue 28 Apr 2020 11:11:01 AM UTC for 3600 seconds
Recorded sound @ Tue 28 Apr 2020 11:12:01 AM UTC for 3600 seconds
Recorded sound @ Tue 28 Apr 2020 11:13:01 AM UTC for 3600 seconds
Recorded sound @ Tue 28 Apr 2020 11:14:01 AM UTC for 3600 seconds
Recorded sound @ Tue 28 Apr 2020 11:15:01 AM UTC for 3600 seconds
Recorded sound @ Tue 28 Apr 2020 11:16:01 AM UTC for 3600 seconds
Recorded sound @ Tue 28 Apr 2020 11:17:01 AM UTC for 3600 seconds
Recorded sound @ Tue 28 Apr 2020 11:18:01 AM UTC for 3600 seconds
Recorded sound @ Tue 28 Apr 2020 11:19:01 AM UTC for 3600 seconds
Recorded sound @ Tue 28 Apr 2020 11:20:01 AM UTC for 3600 seconds
Recorded sound @ Tue 28 Apr 2020 11:21:01 AM UTC for 3600 seconds
Recorded sound @ Tue 28 Apr 2020 11:22:02 AM UTC for 3600 seconds
Recorded sound @ Tue 28 Apr 2020 11:23:02 AM UTC for 3600 seconds
Recorded sound @ Tue 28 Apr 2020 11:24:02 AM UTC for 3600 seconds
Recorded sound @ Tue 28 Apr 2020 11:25:01 AM UTC for 3600 seconds
Recorded sound @ Tue 28 Apr 2020 11:26:01 AM UTC for 3600 seconds
Recorded sound @ Tue 28 Apr 2020 11:27:01 AM UTC for 3600 seconds
Recorded sound @ Tue 28 Apr 2020 11:28:01 AM UTC for 3600 seconds
Recorded sound @ Tue 28 Apr 2020 11:29:01 AM UTC for 3600 seconds
Recorded sound @ Tue 28 Apr 2020 11:30:01 AM UTC for 3600 seconds
Recorded sound @ Tue 28 Apr 2020 11:31:01 AM UTC for 3600 seconds
Recorded sound @ Tue 28 Apr 2020 11:32:01 AM UTC for 3600 seconds
Recorded sound @ Tue 28 Apr 2020 11:33:01 AM UTC for 3600 seconds
Recorded sound @ Tue 28 Apr 2020 11:34:01 AM UTC for 3600 seconds
Recorded sound @ Tue 28 Apr 2020 11:35:01 AM UTC for 3600 seconds
Recorded sound @ Tue 28 Apr 2020 11:36:01 AM UTC for 3600 seconds
Recorded sound @ Tue 28 Apr 2020 11:37:01 AM UTC for 3600 seconds
Recorded sound @ Tue 28 Apr 2020 11:38:02 AM UTC for 3600 seconds
Recorded sound @ Tue 28 Apr 2020 11:39:02 AM UTC for 3600 seconds
Recorded sound @ Tue 28 Apr 2020 11:40:02 AM UTC for 3600 seconds
Recorded sound @ Tue 28 Apr 2020 11:41:01 AM UTC for 3600 seconds
Recorded sound @ Tue 28 Apr 2020 11:42:01 AM UTC for 3600 seconds
Recorded sound @ Tue 28 Apr 2020 11:43:01 AM UTC for 3600 seconds
Recorded sound @ Tue 28 Apr 2020 11:44:01 AM UTC for 3600 seconds
Recorded sound @ Tue 28 Apr 2020 11:45:01 AM UTC for 3600 seconds
Recorded sound @ Tue 28 Apr 2020 11:46:01 AM UTC for 3600 seconds
Recorded sound @ Tue 28 Apr 2020 11:47:01 AM UTC for 3600 seconds
Recorded sound @ Tue 28 Apr 2020 11:48:01 AM UTC for 3600 seconds
Recorded sound @ Tue 28 Apr 2020 11:49:01 AM UTC for 3600 seconds
Recorded sound @ Tue 28 Apr 2020 11:50:01 AM UTC for 3600 seconds
Recorded sound @ Tue 28 Apr 2020 11:51:01 AM UTC for 3600 seconds
Recorded sound @ Tue 28 Apr 2020 11:52:01 AM UTC for 3600 seconds
Recorded sound @ Tue 28 Apr 2020 11:53:01 AM UTC for 3600 seconds
Recorded sound @ Tue 28 Apr 2020 11:54:01 AM UTC for 3600 seconds
Recorded sound @ Tue 28 Apr 2020 11:55:01 AM UTC for 3600 seconds
Recorded sound @ Tue 28 Apr 2020 11:56:01 AM UTC for 3600 seconds
Recorded sound @ Tue 28 Apr 2020 11:57:01 AM UTC for 3600 seconds
Recorded sound @ Tue 28 Apr 2020 11:58:01 AM UTC for 3600 seconds
Recorded sound @ Tue 28 Apr 2020 11:59:01 AM UTC for 3600 seconds
Recorded sound @ Tue 28 Apr 2020 12:00:02 PM UTC for 3600 seconds
Recorded sound @ Wed 29 Apr 2020 11:01:01 AM UTC for 3600 seconds
Recorded sound @ Wed 29 Apr 2020 11:02:01 AM UTC for 3600 seconds
Recorded sound @ Wed 29 Apr 2020 11:03:01 AM UTC for 3600 seconds
Recorded sound @ Wed 29 Apr 2020 11:04:01 AM UTC for 3600 seconds
Recorded sound @ Wed 29 Apr 2020 11:05:01 AM UTC for 3600 seconds
Recorded sound @ Wed 29 Apr 2020 11:06:01 AM UTC for 3600 seconds
Recorded sound @ Wed 29 Apr 2020 11:07:01 AM UTC for 3600 seconds
Recorded sound @ Wed 29 Apr 2020 11:08:01 AM UTC for 3600 seconds
Recorded sound @ Wed 29 Apr 2020 11:09:02 AM UTC for 3600 seconds
Recorded sound @ Wed 29 Apr 2020 11:10:02 AM UTC for 3600 seconds
Recorded sound @ Wed 29 Apr 2020 11:11:01 AM UTC for 3600 seconds
Recorded sound @ Wed 29 Apr 2020 11:12:01 AM UTC for 3600 seconds
Recorded sound @ Wed 29 Apr 2020 11:13:01 AM UTC for 3600 seconds
Recorded sound @ Wed 29 Apr 2020 11:14:01 AM UTC for 3600 seconds
Recorded sound @ Wed 29 Apr 2020 11:15:01 AM UTC for 3600 seconds
Recorded sound @ Wed 29 Apr 2020 11:16:01 AM UTC for 3600 seconds
Recorded sound @ Wed 29 Apr 2020 11:17:01 AM UTC for 3600 seconds
Recorded sound @ Wed 29 Apr 2020 11:18:01 AM UTC for 3600 seconds
Recorded sound @ Wed 29 Apr 2020 11:19:01 AM UTC for 3600 seconds
Recorded sound @ Wed 29 Apr 2020 11:20:01 AM UTC for 3600 seconds
Recorded sound @ Wed 29 Apr 2020 11:21:01 AM UTC for 3600 seconds
Recorded sound @ Wed 29 Apr 2020 11:22:01 AM UTC for 3600 seconds
Recorded sound @ Wed 29 Apr 2020 11:23:01 AM UTC for 3600 seconds
Recorded sound @ Wed 29 Apr 2020 11:24:01 AM UTC for 3600 seconds
Recorded sound @ Wed 29 Apr 2020 11:25:01 AM UTC for 3600 seconds
Recorded sound @ Wed 29 Apr 2020 11:26:01 AM UTC for 3600 seconds
Recorded sound @ Wed 29 Apr 2020 11:27:01 AM UTC for 3600 seconds
Recorded sound @ Wed 29 Apr 2020 11:28:02 AM UTC for 3600 seconds
Recorded sound @ Wed 29 Apr 2020 11:29:02 AM UTC for 3600 seconds
Recorded sound @ Wed 29 Apr 2020 11:30:02 AM UTC for 3600 seconds
Recorded sound @ Wed 29 Apr 2020 11:31:02 AM UTC for 3600 seconds
Recorded sound @ Wed 29 Apr 2020 11:32:02 AM UTC for 3600 seconds
Recorded sound @ Wed 29 Apr 2020 11:33:02 AM UTC for 3600 seconds
Recorded sound @ Wed 29 Apr 2020 11:34:01 AM UTC for 3600 seconds
Recorded sound @ Wed 29 Apr 2020 11:35:01 AM UTC for 3600 seconds
Recorded sound @ Wed 29 Apr 2020 11:36:01 AM UTC for 3600 seconds
Recorded sound @ Wed 29 Apr 2020 11:37:01 AM UTC for 3600 seconds
Recorded sound @ Wed 29 Apr 2020 11:38:01 AM UTC for 3600 seconds
Recorded sound @ Wed 29 Apr 2020 11:39:01 AM UTC for 3600 seconds
Recorded sound @ Wed 29 Apr 2020 11:40:01 AM UTC for 3600 seconds
Recorded sound @ Wed 29 Apr 2020 11:41:01 AM UTC for 3600 seconds
Recorded sound @ Wed 29 Apr 2020 11:42:01 AM UTC for 3600 seconds
Recorded sound @ Wed 29 Apr 2020 11:43:01 AM UTC for 3600 seconds
Recorded sound @ Wed 29 Apr 2020 11:44:01 AM UTC for 3600 seconds
Recorded sound @ Wed 29 Apr 2020 11:45:01 AM UTC for 3600 seconds
Recorded sound @ Wed 29 Apr 2020 11:46:01 AM UTC for 3600 seconds
Recorded sound @ Wed 29 Apr 2020 11:47:01 AM UTC for 3600 seconds
Recorded sound @ Wed 29 Apr 2020 11:48:01 AM UTC for 3600 seconds
Recorded sound @ Wed 29 Apr 2020 11:49:02 AM UTC for 3600 seconds
Recorded sound @ Wed 29 Apr 2020 11:50:01 AM UTC for 3600 seconds
Recorded sound @ Wed 29 Apr 2020 11:51:01 AM UTC for 3600 seconds
Recorded sound @ Wed 29 Apr 2020 11:52:01 AM UTC for 3600 seconds
Recorded sound @ Wed 29 Apr 2020 11:53:01 AM UTC for 3600 seconds
Recorded sound @ Wed 29 Apr 2020 11:54:01 AM UTC for 3600 seconds
Recorded sound @ Wed 29 Apr 2020 11:55:01 AM UTC for 3600 seconds
Recorded sound @ Wed 29 Apr 2020 11:56:01 AM UTC for 3600 seconds
Recorded sound @ Wed 29 Apr 2020 11:57:01 AM UTC for 3600 seconds
Recorded sound @ Wed 29 Apr 2020 11:58:01 AM UTC for 3600 seconds
Recorded sound @ Wed 29 Apr 2020 11:59:01 AM UTC for 3600 seconds
Recorded sound @ Wed 29 Apr 2020 12:00:01 PM UTC for 3600 seconds
Recorded sound @ Thu 30 Apr 2020 11:01:01 AM UTC for 3600 seconds
Recorded sound @ Thu 30 Apr 2020 11:02:01 AM UTC for 3600 seconds
Recorded sound @ Thu 30 Apr 2020 11:03:01 AM UTC for 3600 seconds
Recorded sound @ Thu 30 Apr 2020 11:04:01 AM UTC for 3600 seconds
Recorded sound @ Thu 30 Apr 2020 11:05:01 AM UTC for 3600 seconds
Recorded sound @ Thu 30 Apr 2020 11:06:01 AM UTC for 3600 seconds
Recorded sound @ Thu 30 Apr 2020 11:07:02 AM UTC for 3600 seconds
Recorded sound @ Thu 30 Apr 2020 11:08:01 AM UTC for 3600 seconds
Recorded sound @ Thu 30 Apr 2020 11:09:01 AM UTC for 3600 seconds
Recorded sound @ Thu 30 Apr 2020 11:10:01 AM UTC for 3600 seconds
Recorded sound @ Thu 30 Apr 2020 11:11:01 AM UTC for 3600 seconds
Recorded sound @ Thu 30 Apr 2020 11:12:01 AM UTC for 3600 seconds
Recorded sound @ Thu 30 Apr 2020 11:13:01 AM UTC for 3600 seconds
Recorded sound @ Thu 30 Apr 2020 11:14:01 AM UTC for 3600 seconds
Recorded sound @ Thu 30 Apr 2020 11:15:01 AM UTC for 3600 seconds
Recorded sound @ Thu 30 Apr 2020 11:16:01 AM UTC for 3600 seconds
Recorded sound @ Thu 30 Apr 2020 11:17:01 AM UTC for 3600 seconds
Recorded sound @ Thu 30 Apr 2020 11:18:01 AM UTC for 3600 seconds
Recorded sound @ Thu 30 Apr 2020 11:19:01 AM UTC for 3600 seconds
Recorded sound @ Thu 30 Apr 2020 11:20:01 AM UTC for 3600 seconds
Recorded sound @ Thu 30 Apr 2020 11:21:01 AM UTC for 3600 seconds
Recorded sound @ Thu 30 Apr 2020 11:22:01 AM UTC for 3600 seconds
Recorded sound @ Thu 30 Apr 2020 11:23:01 AM UTC for 3600 seconds
Recorded sound @ Thu 30 Apr 2020 11:24:01 AM UTC for 3600 seconds
Recorded sound @ Thu 30 Apr 2020 11:25:02 AM UTC for 3600 seconds
Recorded sound @ Thu 30 Apr 2020 11:26:02 AM UTC for 3600 seconds
Recorded sound @ Thu 30 Apr 2020 11:27:02 AM UTC for 3600 seconds
Recorded sound @ Thu 30 Apr 2020 11:28:01 AM UTC for 3600 seconds
Recorded sound @ Thu 30 Apr 2020 11:29:01 AM UTC for 3600 seconds
Recorded sound @ Thu 30 Apr 2020 11:30:01 AM UTC for 3600 seconds
Recorded sound @ Thu 30 Apr 2020 11:31:01 AM UTC for 3600 seconds
Recorded sound @ Thu 30 Apr 2020 11:32:01 AM UTC for 3600 seconds
Recorded sound @ Thu 30 Apr 2020 11:33:01 AM UTC for 3600 seconds
Recorded sound @ Thu 30 Apr 2020 11:34:01 AM UTC for 3600 seconds
Recorded sound @ Thu 30 Apr 2020 11:35:01 AM UTC for 3600 seconds
Recorded sound @ Thu 30 Apr 2020 11:36:01 AM UTC for 3600 seconds
Recorded sound @ Thu 30 Apr 2020 11:37:01 AM UTC for 3600 seconds
Recorded sound @ Thu 30 Apr 2020 11:38:01 AM UTC for 3600 seconds
Recorded sound @ Thu 30 Apr 2020 11:39:01 AM UTC for 3600 seconds
Recorded sound @ Thu 30 Apr 2020 11:40:01 AM UTC for 3600 seconds
Recorded sound @ Thu 30 Apr 2020 11:41:01 AM UTC for 3600 seconds
Recorded sound @ Thu 30 Apr 2020 11:42:01 AM UTC for 3600 seconds
Recorded sound @ Thu 30 Apr 2020 11:43:01 AM UTC for 3600 seconds
Recorded sound @ Thu 30 Apr 2020 11:44:01 AM UTC for 3600 seconds
Recorded sound @ Thu 30 Apr 2020 11:45:01 AM UTC for 3600 seconds
Recorded sound @ Thu 30 Apr 2020 11:46:02 AM UTC for 3600 seconds
Recorded sound @ Thu 30 Apr 2020 11:47:01 AM UTC for 3600 seconds
Recorded sound @ Thu 30 Apr 2020 11:48:01 AM UTC for 3600 seconds
Recorded sound @ Thu 30 Apr 2020 11:49:01 AM UTC for 3600 seconds
Recorded sound @ Thu 30 Apr 2020 11:50:01 AM UTC for 3600 seconds
Recorded sound @ Thu 30 Apr 2020 11:51:01 AM UTC for 3600 seconds
Recorded sound @ Thu 30 Apr 2020 11:52:01 AM UTC for 3600 seconds
Recorded sound @ Thu 30 Apr 2020 11:53:01 AM UTC for 3600 seconds
Recorded sound @ Thu 30 Apr 2020 11:54:01 AM UTC for 3600 seconds
Recorded sound @ Thu 30 Apr 2020 11:55:01 AM UTC for 3600 seconds
Recorded sound @ Thu 30 Apr 2020 11:56:01 AM UTC for 3600 seconds
Recorded sound @ Thu 30 Apr 2020 11:57:01 AM UTC for 3600 seconds
Recorded sound @ Thu 30 Apr 2020 11:58:02 AM UTC for 3600 seconds
Recorded sound @ Thu 30 Apr 2020 11:59:02 AM UTC for 3600 seconds
Recorded sound @ Thu 30 Apr 2020 12:00:01 PM UTC for 3600 seconds
