1612245589 23.909999999999997 30.909333333333336 997.7033333333334 739008.0460057221
1612245602 23.963333333333335 30.817333333333334 997.6733333333333 501745.9759122007
1612245661 23.810000000000002 26.425666666666668 997.79 915713.524094597
1612245722 23.48 22.927000000000003 997.7866666666665 1269034.5755739799
1612245781 22.97 22.618333333333336 997.8066666666667 1613791.380783275
1612245841 22.173333333333332 23.010333333333335 997.82 2113877.4117468405
1612245902 21.333333333333332 23.443 997.9033333333333 2636674.430258189
1612245961 20.546666666666667 23.993666666666666 997.8666666666667 3187770.6824434134
1612246021 19.813333333333333 24.731666666666666 997.9266666666666 3844584.5359375626
1612246081 19.16 25.473 997.9033333333333 4228032.024563164
1612246141 18.553333333333335 26.236 997.88 4232698.379485389
1612246201 18.0 26.969666666666665 997.8633333333333 4236969.184745477
1612246261 17.486666666666668 27.614666666666665 997.8766666666667 4241432.288479519
1612246321 16.993333333333336 28.11566666666667 997.88 4245916.453572849
1612246382 16.513333333333335 28.709999999999997 997.9033333333333 4250212.368449441
1612246441 16.099999999999998 29.355 997.9 4258590.157781305
1612246501 15.69 29.77733333333333 997.91 4262970.227121522
1612246562 15.299999999999999 30.306 997.8666666666667 4267195.19127449
1612246621 14.97 30.82766666666667 997.8666666666667 4271912.066364494
1612246681 14.643333333333336 31.344000000000005 997.8433333333334 4276228.28903534
1612246742 14.339999999999998 31.747666666666664 997.8466666666667 4280220.67722195
1612246801 14.063333333333333 32.14366666666667 997.8333333333334 4284128.660505296
1612246861 13.803333333333333 32.518 997.85 4288227.251839197
1612246921 13.576666666666668 32.91166666666667 997.8933333333333 4291548.717657837
1612246981 13.353333333333332 33.413666666666664 997.8866666666667 4294550.156194177
1612247041 13.15 33.818333333333335 997.9200000000001 4297845.954174969
1612247101 12.966666666666669 34.227666666666664 997.9533333333334 4300897.880283312
1612247161 12.79 34.83866666666667 997.9699999999999 4302998.586219476
1612247222 12.63 35.236 997.98 4305551.577618214
1612247281 12.483333333333334 35.534 998.02 4308108.844760735
1612247341 12.353333333333332 35.83766666666667 998.0300000000001 4310620.910703287
1612247402 12.223333333333334 36.278666666666666 998.0533333333333 4312122.336566624
1612247461 12.11 36.59466666666667 998.04 4314599.316820256
1612247521 12.003333333333336 36.919333333333334 998.0533333333333 4316177.585648256
1612247582 11.9 37.23333333333333 998.0333333333333 4318031.237076958
1612247641 11.81 37.476333333333336 998.0099999999999 4319780.977708603
1612247701 11.72 37.752 998.0433333333334 4321341.734073883
1612247761 11.63 37.879 998.04 4317596.4230364235
1612247821 11.549999999999999 38.04366666666667 997.9966666666666 4327621.758713069
1612247882 11.463333333333333 38.11633333333333 998.0166666666668 4329424.022740243
1612247941 11.393333333333336 38.34133333333333 998.0099999999999 4331919.248019556
1612248001 11.326666666666668 38.64333333333334 997.9966666666666 4333189.165935704
1612248062 11.26 38.994 998.0099999999999 4334331.769238873
1612248121 11.19 39.150000000000006 997.9900000000001 4336097.124075759
1612248181 11.12 39.34766666666667 997.9866666666667 4337225.903353898
1612248242 11.053333333333333 39.635 998.0066666666667 4338176.100452419
1612248301 10.99 39.809333333333335 998.0300000000001 4339395.297616043
1612248361 10.93 39.989666666666665 998.0 4340472.385066508
1612248421 10.87 40.211 998.0099999999999 4342033.466788959
1612248481 10.803333333333333 40.43933333333333 997.9733333333334 4342860.323095149
1612248541 10.76 40.667 998.0 4343290.565216304
1612248601 10.716666666666669 40.809666666666665 998.0433333333334 4344821.965944589
1612248661 10.673333333333332 40.723 998.0033333333334 4345932.634068641
1612248722 10.633333333333333 40.651666666666664 998.02 4347778.933749809
1612248781 10.59 40.75033333333334 998.0 4349020.698082629
1612248841 10.549999999999999 40.977 997.9833333333332 4349890.846387719
1612248902 10.51 41.07266666666666 997.9566666666666 4350888.759414715
1612248961 10.473333333333334 40.949333333333335 997.96 4352899.201102997
1612249021 10.433333333333334 40.89233333333334 997.9466666666667 4353853.233153235
1612249081 10.406666666666666 40.92333333333333 997.94 4355039.7722324785
1612249141 10.373333333333333 40.99466666666667 997.9066666666666 4356273.078931617
1612249201 10.35 40.99699999999999 997.9133333333333 4357105.556284172
1612249261 10.32 40.994 997.9 4358428.845146117
1612249321 10.296666666666667 41.096666666666664 997.9166666666666 4359531.165152663
1612249382 10.27 41.01666666666667 997.9166666666666 4360773.869219799
1612249441 10.26 41.05733333333333 997.9500000000002 4361720.631168552
1612249501 10.253333333333334 41.04233333333333 997.9066666666666 4362548.319515635
1612249562 10.253333333333334 40.934333333333335 997.9066666666666 4363241.482795338
1612249621 10.25 40.81333333333333 997.92 4364345.763529325
1612249681 10.243333333333332 40.815666666666665 997.8933333333333 4365535.76432939
1612249742 10.26 41.20933333333334 997.9033333333333 4365876.016054074
1612249801 10.28 41.87200000000001 997.8766666666667 4365548.513318395
1612249861 10.29 42.644 997.8433333333334 4363833.610390228
1612249921 10.28 42.65566666666667 997.8233333333334 4362877.877399741
1612249981 10.253333333333334 42.580333333333336 997.79 4362868.154490008
1612250041 10.24 42.73666666666667 997.7866666666665 4362762.813272649
1612250101 10.22 42.89933333333334 997.7566666666667 4363479.168527212
1612250161 10.209999999999999 43.18366666666666 997.7233333333334 4363242.966429329
1612250222 10.193333333333333 43.251666666666665 997.68 4363407.413811499
1612250281 10.19 43.36933333333334 997.6633333333333 4363846.6534585105
1612250341 10.18 43.45166666666666 997.65 4364167.378162878
1612250402 10.173333333333332 43.55433333333334 997.6066666666667 4364454.321941429
1612250461 10.17 43.53333333333333 997.6066666666667 4364777.218102295
1612250521 10.16 43.50299999999999 997.5933333333334 4365488.78772703
1612250581 10.16 43.451 997.5966666666667 4366315.632984956
1612250641 10.16 43.46099999999999 997.6 4366815.312622708
1612250701 10.156666666666666 43.498999999999995 997.61 4367171.423104726
1612250761 10.16 43.528 997.6266666666667 4367306.980657048
1612250821 10.15 43.44 997.6366666666667 4367912.780458662
1612250882 10.15 43.50133333333333 997.6133333333333 4368310.643207313
1612250941 10.15 43.49366666666666 997.6366666666667 4369124.204949421
1612251001 10.15 43.46333333333333 997.6466666666666 4369577.4169758195
1612251062 10.15 43.43833333333333 997.6133333333333 4370160.185229897
1612251121 10.16 43.532000000000004 997.6266666666667 4370848.571013636
1612251181 10.153333333333334 43.547666666666665 997.6066666666667 4371130.462578409
1612251242 10.16 43.665 997.6066666666667 4371323.1536424225
1612251301 10.16 43.81533333333334 997.5566666666667 4372202.5189906275
1612251361 10.16 44.053 997.61 4371593.901937132
1612251421 10.163333333333334 44.272333333333336 997.6033333333334 4371554.872979926
1612251481 10.163333333333334 44.651999999999994 997.6266666666667 4370758.987423491
1612251542 10.16 44.993 997.62 4370325.660570224
1612251601 10.153333333333334 45.306999999999995 997.6433333333333 4369843.69328928
1612251661 10.15 45.537 997.6333333333333 4368873.273993401
1612251722 10.14 45.72266666666667 997.62 4367865.455454904
1612251781 10.133333333333333 45.809 997.6533333333333 4368149.616369265
1612251841 10.12 46.004999999999995 997.63 4367481.890457754
1612251902 10.113333333333335 46.26733333333333 997.61 4366819.637709565
1612251961 10.1 46.38666666666666 997.58 4366779.575547722
1612252021 10.083333333333334 46.56666666666666 997.5633333333334 4365913.605994499
1612252081 10.073333333333334 46.63233333333333 997.5633333333334 4366425.181636293
1612252141 10.06 46.773666666666664 997.5666666666667 4366072.179286967
1612252201 10.04 46.89666666666667 997.5966666666667 4365938.31907314
1612252261 10.02 46.98766666666666 997.6166666666667 4366499.867051512
1612252321 10.0 47.05566666666667 997.6 4366400.377799234
1612252382 9.983333333333334 47.117333333333335 997.5966666666667 4366595.165676332
1612252441 9.97 47.202333333333335 997.5733333333334 4366779.575547722
1612252501 9.950000000000001 47.278999999999996 997.5933333333334 4367097.283744496
1612252562 9.94 47.35966666666667 997.5866666666667 4367135.369444168
1612252621 9.923333333333332 47.441 997.6033333333334 4367099.879559991
1612252681 9.91 47.44866666666667 997.5966666666667 4367876.224161011
1612252741 9.893333333333334 47.55833333333334 997.59 4368099.411776564
1612252801 9.883333333333333 47.626666666666665 997.6166666666667 4368261.440901666
1612252861 9.87 47.63733333333334 997.59 4368474.387371643
1612252921 9.86 47.74333333333334 997.5866666666667 4368113.601394532
1612252981 9.843333333333334 47.85 997.4966666666666 4368535.943426656
1612253042 9.83 47.95733333333334 997.4500000000002 4368398.591591458
1612253101 9.813333333333333 47.943999999999996 997.4666666666667 4368986.028778002
1612253161 9.796666666666667 48.01 997.4933333333333 4369463.878085093
1612253222 9.776666666666666 48.08833333333333 997.4933333333333 4369401.167766553
1612253281 9.76 48.18133333333333 997.5 4370020.5124011375
1612253341 9.74 48.234 997.5066666666667 4370148.492493533
1612253401 9.733333333333334 48.303666666666665 997.5600000000001 4370223.562305375
1612253461 9.72 48.299 997.5633333333334 4370363.50634751
1612253521 9.716666666666667 48.36966666666666 997.4966666666666 4370491.436761064
1612253581 9.706666666666665 48.333666666666666 997.5533333333333 4371130.462578409
1612253641 9.700000000000001 48.34366666666667 997.5300000000001 4371310.71312939
1612253702 9.683333333333334 48.272999999999996 997.4633333333335 4371684.572988805
1612253761 9.673333333333332 48.28366666666667 997.4066666666666 4371994.528878029
1612253821 9.656666666666666 48.41933333333333 997.3933333333333 4372579.97076657
1612253882 9.65 48.54 997.41 4372214.535358061
1612253941 9.63 48.65566666666666 997.3666666666667 4372723.295222602
1612254001 9.61 48.86166666666666 997.34 4372565.799792894
1612254062 9.58 49.062333333333335 997.33 4372293.96336628
1612254121 9.56 49.19133333333334 997.29 4372683.218695317
1612254181 9.53 49.30233333333333 997.2266666666668 4372631.498118366
1612254241 9.5 49.400666666666666 997.2033333333334 4372697.55563211
1612254301 9.47 49.50233333333333 997.1966666666667 4372892.67023214
1612254362 9.433333333333334 49.48866666666667 997.1733333333333 4372933.224661992
1612254421 9.403333333333334 49.461666666666666 997.1533333333333 4373535.750855782
1612254481 9.37 49.47366666666667 997.1566666666666 4374173.1756679015
1612254542 9.333333333333334 49.51066666666667 997.1633333333333 4374422.61658653
1612254601 9.293333333333335 49.586999999999996 997.1366666666667 4374981.815747476
1612254661 9.25 49.68933333333333 997.1566666666666 4374903.429282274
1612254722 9.206666666666665 49.71066666666667 997.1666666666666 4375603.798841477
1612254781 9.16 49.66133333333334 997.1833333333334 4376563.637443322
1612254841 9.11 49.62733333333333 997.1566666666666 4376783.45603282
1612254901 9.063333333333333 49.522333333333336 997.1833333333334 4378083.591984094
1612254961 9.01 49.39333333333334 997.17 4379167.531884082
1612255021 8.97 49.314 997.13 4379901.813163126
1612255081 8.93 49.202333333333335 997.11 4381168.351366092
1612255141 8.883333333333333 49.166 997.1033333333334 4382053.805607111
1612255202 8.843333333333334 49.107 997.1066666666667 4383286.703813686
1612255261 8.813333333333333 49.06966666666667 997.0666666666666 4384159.495453526
1612255321 8.773333333333333 48.978 997.0433333333334 4384937.461679784
1612255382 8.743333333333332 48.870000000000005 997.0133333333333 4386019.903894647
1612255441 8.72 48.67133333333334 997.0300000000001 4387497.958128918
1612255501 8.696666666666667 48.45466666666666 997.0033333333334 4388664.205310213
1612255562 8.686666666666666 48.11166666666667 997.0166666666668 4390520.354415017
1612255621 8.68 47.74666666666667 997.04 4392672.291280706
1612255681 8.67 47.437000000000005 997.11 4393955.389282104
1612255741 8.67 47.220333333333336 997.1466666666666 4395941.620011544
1612255801 8.67 47.16299999999999 997.1466666666666 4397114.019211582
1612255862 8.67 47.32866666666667 997.16 4396992.218460063
1612255921 8.673333333333332 47.37466666666666 997.12 4397718.171468698
1612255981 8.69 47.18033333333333 997.1266666666667 4398235.82833314
1612256042 8.709999999999999 46.88733333333334 997.16 4399158.15259735
1612256101 8.713333333333333 46.61433333333334 997.1233333333333 4400643.707247586
1612256161 8.736666666666666 46.37733333333333 997.13 4401929.32531085
1612256222 8.756666666666666 46.20333333333334 997.1433333333333 4402503.009997623
1612256281 8.77 46.032000000000004 997.1466666666666 4403935.108938324
1612256341 8.786666666666667 45.92633333333333 997.1766666666666 4404419.860000507
1612256401 8.799999999999999 45.80799999999999 997.1966666666667 4404870.294883846
1612256461 8.81 45.75633333333334 997.1933333333333 4405233.1600758275
1612256521 8.823333333333334 45.663666666666664 997.1733333333333 4405781.435666391
1612256581 8.83 45.599 997.15 4406116.092913538
1612256641 8.843333333333334 45.586666666666666 997.1433333333333 4406242.540510465
1612256702 8.86 45.550333333333334 997.11 4405617.689668463
1612256761 8.87 45.475 997.1266666666667 4406604.2798771905
1612256821 8.89 45.39566666666667 997.1366666666667 4406668.030509527
1612256882 8.9 45.34233333333333 997.19 4406439.160176967
1612256941 8.91 45.338 997.2033333333334 4406700.005469274
1612257001 8.92 45.327 997.2166666666667 4406274.316596651
1612257061 8.93 45.32 997.2066666666666 4406242.540510465
1612257121 8.94 45.449000000000005 997.2266666666668 4405681.4403008
1612257181 8.953333333333333 45.59100000000001 997.2433333333333 4405354.765672674
1612257241 8.959999999999999 45.64066666666667 997.2266666666668 4404901.939416654
1612257301 8.976666666666667 45.577 997.23 4405164.305151914
1612257362 8.99 45.46966666666666 997.2633333333333 4405195.884214177
1612257421 9.0 45.36833333333333 997.2400000000001 4405945.455029932
1612257481 9.01 45.342666666666666 997.2400000000001 4406173.49907655
1612257542 9.03 45.33233333333334 997.2033333333334 4405681.4403008
1612257601 9.04 45.339333333333336 997.15 4406109.748444213
1612257661 9.053333333333333 45.355333333333334 997.1966666666667 4405945.455029932
1612257721 9.06 45.36866666666666 997.1966666666667 4406338.067228989
1612257781 9.063333333333333 45.452666666666666 997.2000000000002 4405781.435666391
1612257841 9.07 45.443999999999996 997.2366666666667 4405614.092192504
1612257901 9.07 45.407333333333334 997.2033333333334 4406274.316596651
1612257961 9.073333333333334 45.464666666666666 997.2033333333334 4405941.311505592
1612258022 9.073333333333334 45.43666666666667 997.2066666666666 4405877.161258475
1612258081 9.073333333333334 45.446666666666665 997.1933333333333 4406274.316596651
1612258141 9.076666666666666 45.44 997.19 4405781.435666391
1612258202 9.08 45.46866666666667 997.1666666666666 4406402.083854702
1612258261 9.083333333333334 45.486333333333334 997.1333333333333 4406961.727937042
1612258321 9.083333333333334 45.49433333333334 997.0933333333334 4407026.281568174
1612258382 9.086666666666666 45.60933333333333 997.0300000000001 4407395.301057217
1612258441 9.09 45.68133333333333 997.0066666666667 4407026.281568174
1612258501 9.08 45.724333333333334 996.9833333333332 4407095.2262562895
1612258561 9.08 45.788999999999994 996.9433333333333 4407191.9555935925
1612258621 9.073333333333334 45.85033333333333 996.98 4406999.101049425
1612258681 9.073333333333334 45.81300000000001 996.9933333333333 4407325.5972397365
1612258741 9.07 45.70733333333333 997.02 4407261.178491665
1612258801 9.063333333333333 45.717666666666666 997.04 4407600.835643838
1612258862 9.063333333333333 45.717666666666666 997.02 4407626.0961062955
1612258921 9.06 45.86333333333334 996.9833333333332 4407690.649737428
1612258981 9.063333333333333 46.144666666666666 996.9666666666667 4406929.552230872
1612259042 9.063333333333333 46.285333333333334 996.9533333333334 4405913.678943745
1612259101 9.06 46.34033333333333 996.9333333333333 4405941.311505592
1612259161 9.07 46.53333333333333 996.92 4405227.528746985
1612259221 9.07 46.68066666666666 996.9 4404609.140191794
1612259281 9.08 46.71266666666667 996.8433333333334 4404029.455327376
1612259341 9.08 46.738 996.8666666666667 4402910.2143725
1612259401 9.09 46.99266666666667 996.8566666666667 4402305.184921915
1612259461 9.1 47.382666666666665 996.8933333333333 4401296.104665428
1612259522 9.106666666666667 47.709333333333326 996.8433333333334 4399429.481907577
1612259581 9.116666666666667 47.96866666666667 996.8766666666667 4399214.3511613365
1612259641 9.113333333333335 48.29366666666667 996.9166666666666 4397171.756206581
1612259702 9.113333333333335 48.57866666666666 996.96 4396208.23518112
1612259761 9.11 48.799 996.9699999999999 4395373.0850991355
1612259821 9.1 49.031666666666666 996.9633333333335 4394604.078795888
1612259882 9.096666666666666 49.24 996.9733333333334 4393433.657594656
1612259941 9.09 49.344 997.0033333333334 4392964.9324593125
1612260001 9.09 49.476 996.9933333333333 4392298.629664132
1612260061 9.083333333333334 49.614 996.9833333333332 4391896.9832783155
1612260121 9.08 49.70366666666666 996.9766666666668 4390952.841764685
1612260181 9.073333333333334 49.800666666666665 996.9766666666668 4390665.34357863
1612260241 9.063333333333333 49.85433333333333 996.9633333333335 4390382.190063151
1612260301 9.06 49.95033333333333 996.9766666666668 4390240.942044021
1612260362 9.049999999999999 50.05633333333333 996.9366666666666 4389760.6735300105
1612260421 9.04 50.05166666666667 996.9266666666666 4389678.129720931
1612260481 9.03 50.004333333333335 996.9233333333333 4389736.192837757
1612260542 9.013333333333334 49.906666666666666 996.8933333333333 4389930.155643762
1612260601 9.003333333333334 49.86233333333333 996.8866666666667 4390295.525833684
1612260661 8.993333333333332 49.82066666666666 996.9333333333334 4391493.443951197
1612260721 8.983333333333334 49.81 996.94 4392269.278600448
1612260781 8.973333333333334 49.84166666666667 996.9166666666666 4392008.547592732
1612260841 8.963333333333333 49.779666666666664 996.8966666666666 4392673.069045063
1612260901 8.953333333333333 49.77 996.84 4393282.983408483
1612260961 8.950000000000001 49.846 996.81 4393576.053588417
1612261022 8.943333333333333 49.881 996.77 4393282.983408483
1612261081 8.946666666666665 49.925333333333334 996.7800000000001 4393692.422782398
1612261141 8.94 49.964 996.77 4393633.426638965
1612261202 8.946666666666665 49.911 996.7966666666666 4393080.446121878
1612261261 8.943333333333333 49.876666666666665 996.7766666666666 4393662.895203167
1612261321 8.943333333333333 49.77166666666667 996.77 4393662.895203167
1612261382 8.943333333333333 49.62533333333332 996.7599999999999 4393691.559271316
1612261441 8.943333333333333 49.45466666666666 996.7966666666666 4394278.55242669
1612261501 8.950000000000001 49.31633333333334 996.8333333333334 4394927.630545503
1612261561 8.943333333333333 49.211000000000006 996.86 4396058.203523927
1612261621 8.943333333333333 49.141333333333336 996.87 4396778.354683601
1612261681 8.94 49.105999999999995 996.8333333333334 4396809.112659583
1612261741 8.933333333333334 49.09433333333334 996.8233333333334 4397928.641548531
1612261801 8.93 49.13033333333333 996.7466666666666 4397625.8843084695
1612261862 8.913333333333334 49.14833333333333 996.7000000000002 4398233.6129687065
1612261921 8.91 49.17166666666666 996.7133333333335 4398784.034615516
1612261981 8.903333333333334 49.26066666666667 996.7233333333334 4398173.174546066
1612262042 8.9 49.38233333333333 996.7733333333332 4398050.754775588
1612262101 8.89 49.489000000000004 996.8033333333333 4398203.3631612295
1612262161 8.88 49.64266666666666 996.8466666666667 4397928.641548531
1612262221 8.87 49.693666666666665 996.8466666666667 4397624.649169857
1612262281 8.863333333333335 49.738 996.86 4397655.890456651
1612262341 8.86 49.876666666666665 996.85 4397654.960355889
1612262401 8.86 49.922666666666665 996.8133333333334 4397019.8470510645
1612262461 8.85 49.93133333333333 996.82 4397231.065094771
1612262521 8.846666666666666 49.98933333333333 996.7599999999999 4397140.236209017
1612262581 8.84 50.04466666666667 996.7233333333334 4397231.065094771
1612262641 8.83 50.193999999999996 996.6933333333333 4396838.670907107
1612262702 8.83 50.395999999999994 996.68 4396058.203523927
1612262761 8.82 50.595666666666666 996.7000000000002 4396088.088944975
1612262821 8.799999999999999 50.754333333333335 996.6866666666666 4394838.870052185
1612262882 8.79 50.82866666666666 996.6666666666666 4394691.712406404
1612262941 8.78 50.90266666666667 996.6666666666666 4394927.630545503
1612263001 8.763333333333334 50.99033333333333 996.68 4394337.785340778
1612263061 8.763333333333334 51.040666666666674 996.7133333333335 4394779.81897994
1612263121 8.753333333333334 51.00466666666667 996.7333333333332 4394514.602623264
1612263181 8.753333333333334 50.94566666666666 996.7566666666667 4394044.258271267
1612263241 8.756666666666666 50.964333333333336 996.77 4394720.586065853
1612263301 8.76 51.056999999999995 996.75 4394337.258147913
1612263362 8.763333333333334 51.02266666666667 996.73 4394308.139198407
1612263421 8.773333333333333 50.94333333333333 996.6666666666666 4394160.795493651
1612263481 8.783333333333333 50.897 996.6566666666666 4394484.896931355
1612263542 8.79 50.82266666666667 996.6433333333333 4393926.029213746
1612263601 8.799999999999999 50.79666666666666 996.6633333333333 4394809.401487983
1612263661 8.799999999999999 50.80233333333334 996.68 4394809.52467185
1612263722 8.81 50.915 996.6966666666667 4394102.268652327
1612263781 8.81 51.03799999999999 996.7233333333334 4394219.556283257
1612263841 8.82 51.163000000000004 996.7433333333333 4393458.0609473465
1612263902 8.82 51.239666666666665 996.6966666666667 4392585.540493111
1612263961 8.823333333333334 51.290666666666674 996.68 4392557.77452073
1612264021 8.83 51.353 996.67 4391950.484475906
1612264082 8.83 51.407000000000004 996.6633333333333 4391234.294844816
1612264141 8.823333333333334 51.51266666666667 996.71 4390778.304797175
1612264201 8.82 51.666333333333334 996.75 4390521.188178396
1612264261 8.813333333333333 51.77166666666667 996.7966666666666 4390665.34357863
1612264321 8.813333333333333 51.893 996.8333333333334 4389308.00101085
1612264381 8.81 51.95966666666667 996.8633333333333 4388553.4995685
1612264441 8.81 51.998333333333335 996.8866666666667 4389171.630894848
1612264501 8.81 52.06733333333333 996.8966666666666 4388749.51301804
1612264562 8.82 52.11366666666667 996.8433333333334 4387942.581720932
1612264621 8.82 52.01466666666667 996.7766666666666 4387942.581720932
1612264681 8.823333333333334 52.01066666666667 996.7800000000001 4387582.104837644
1612264742 8.83 52.03333333333333 996.7566666666667 4387279.007910284
1612264801 8.83 52.169333333333334 996.7733333333332 4387391.752919453
1612264861 8.823333333333334 52.25900000000001 996.79 4386816.008701344
1612264921 8.813333333333333 52.29966666666667 996.8033333333333 4387145.922499376
1612264981 8.81 52.33466666666667 996.83 4386487.146801564
1612265041 8.799999999999999 52.32033333333334 996.81 4386647.54992051
1612265101 8.79 52.22933333333333 996.7999999999998 4387610.263448001
1612265161 8.78 52.269000000000005 996.7533333333334 4387470.018399694
1612265222 8.776666666666666 52.22866666666666 996.6899999999999 4387582.104837644
1612265281 8.763333333333334 52.24966666666666 996.6433333333333 4387832.882900256
1612265341 8.756666666666666 52.20466666666667 996.6233333333333 4388162.780616631
1612265402 8.753333333333334 52.349333333333334 996.6366666666667 4387886.098971686
1612265462 8.746666666666668 52.30266666666666 996.6466666666666 4387996.175175507
1612265521 8.74 52.476 996.6533333333333 4388245.177692209
1612265581 8.72 52.458666666666666 996.6566666666666 4387801.78786223
1612265642 8.700000000000001 52.455000000000005 996.6466666666666 4388080.816535109
1612265701 8.683333333333334 52.538666666666664 996.6333333333333 4388384.050022086
1612265761 8.673333333333332 52.64433333333333 996.64 4388052.547518391
1612265822 8.66 52.71666666666667 996.6333333333333 4387691.813427529
1612265881 8.65 52.68299999999999 996.6266666666667 4388414.627238623
1612265941 8.636666666666668 52.673 996.6433333333333 4388190.994349159
1612266001 8.623333333333333 52.74666666666667 996.6533333333333 4388440.31228201
1612266061 8.61 52.74066666666667 996.6566666666666 4388607.611829939
1612266121 8.603333333333332 52.73333333333333 996.71 4388329.653684661
1612266181 8.596666666666666 52.76233333333334 996.7766666666666 4388635.880846656
1612266241 8.593333333333334 52.82366666666667 996.8233333333334 4388830.0535465805
1612266302 8.59 52.83133333333333 996.8266666666667 4388468.526014538
1612266361 8.59 52.811 996.8766666666667 4388858.2121569365
1612266421 8.586666666666666 52.74966666666666 996.9066666666666 4388971.399443426
1612266482 8.59 52.66466666666667 996.96 4389082.74860374
1612266541 8.6 52.54666666666666 997.0799999999999 4389672.205261605
1612266601 8.603333333333332 52.488 997.0966666666667 4389672.205261605
1612266661 8.61 52.45366666666666 997.0833333333334 4389784.6367514
1612266721 8.623333333333333 52.44166666666666 997.13 4388775.18064024
1612266781 8.63 52.45633333333333 997.13 4388190.994349159
1612266841 8.64 52.455666666666666 997.14 4387226.301901464
1612266901 8.64 52.431999999999995 997.1533333333333 4387497.958128918
1612266962 8.64 52.44166666666666 997.16 4387248.922830326
1612267021 8.64 52.48566666666667 997.1333333333333 4387307.111559851
1612267081 8.64 52.52866666666667 997.19 4386920.870238268
1612267142 8.633333333333333 52.578 997.19 4387167.139714195
1612267201 8.63 52.62733333333333 997.2366666666667 4387773.793652604
1612267261 8.63 52.788000000000004 997.2366666666667 4387801.78786223
1612267321 8.623333333333333 52.832 997.23 4386892.984830561
1612267382 8.626666666666667 52.876000000000005 997.2266666666668 4387029.957712923
1612267441 8.623333333333333 52.78366666666667 997.1933333333333 4387195.025121901
1612267501 8.623333333333333 52.75666666666667 997.2199999999999 4387141.825909012
1612267562 8.62 52.75466666666667 997.23 4387111.531230881
1612267621 8.62 52.76866666666667 997.2866666666665 4387829.836711763
1612267681 8.613333333333335 52.689666666666675 997.3133333333334 4387773.793652604
1612267741 8.61 52.70966666666667 997.35 4388245.177692209
1612267801 8.61 52.781666666666666 997.37 4388162.780616631
1612267861 8.603333333333332 52.90633333333333 997.4333333333334 4387691.813427529
1612267921 8.6 52.986333333333334 997.4533333333334 4387745.85392338
1612267981 8.596666666666666 52.94566666666666 997.4733333333334 4388050.475297549
1612268042 8.596666666666666 52.88066666666666 997.5633333333334 4387663.764577996
1612268101 8.6 52.81966666666667 997.4833333333332 4388022.535568325
1612268161 8.596666666666666 52.67466666666667 997.4733333333334 4388245.177692209
1612268222 8.6 52.55666666666667 997.4500000000002 4388831.885177485
1612268281 8.6 52.50133333333333 997.4233333333333 4388943.019369739
1612268341 8.596666666666666 52.45066666666667 997.41 4388440.31228201
1612268402 8.593333333333334 52.495000000000005 997.39 4389278.046753553
1612268461 8.59 52.595666666666666 997.3633333333333 4389393.813657366
1612268521 8.573333333333334 52.655 997.3233333333334 4389474.90663048
1612268581 8.57 52.720333333333336 997.2866666666665 4389560.047015474
1612268641 8.56 52.72533333333333 997.2566666666667 4389672.205261605
1612268702 8.556666666666667 52.757666666666665 997.27 4389671.670928241
1612268761 8.549999999999999 52.85066666666666 997.2466666666666 4389756.312287843
1612268821 8.53 52.959666666666664 997.23 4389418.423881234
1612268882 8.52 53.089333333333336 997.2366666666667 4388997.941390936
1612268941 8.5 53.132666666666665 997.2033333333334 4388607.611829939
1612269001 8.486666666666666 53.239666666666665 997.2199999999999 4388745.906837854
1612269061 8.466666666666667 53.34866666666667 997.23 4388189.13463305
1612269122 8.446666666666667 53.40266666666667 997.2400000000001 4387801.78786223
1612269181 8.43 53.538333333333334 997.2566666666667 4387912.028466781
1612269241 8.41 53.663666666666664 997.2199999999999 4387773.793652604
1612269302 8.39 53.80866666666666 997.1733333333333 4387717.968515675
1612269361 8.373333333333333 53.86866666666666 997.1466666666666 4387662.36003236
1612269421 8.35 53.87199999999999 997.1333333333333 4387717.585596169
1612269481 8.34 53.94366666666667 997.0766666666667 4387662.36003236
1612269541 8.323333333333334 53.967999999999996 997.0466666666666 4387470.018399694
1612269601 8.31 54.037 997.0499999999998 4387139.30846974
1612269661 8.293333333333335 54.093333333333334 997.0233333333332 4387111.531230881
1612269721 8.283333333333333 54.190666666666665 996.98 4386647.54992051
1612269782 8.266666666666666 54.21633333333333 996.9566666666666 4386100.238958242
1612269841 8.253333333333334 54.285666666666664 996.9733333333334 4385610.982951093
1612269901 8.24 54.25866666666667 996.9166666666666 4385419.893546839
1612269962 8.23 54.275666666666666 996.9033333333333 4384855.250837986
1612270021 8.226666666666667 54.279666666666664 996.89 4385149.873672548
1612270081 8.22 54.13766666666667 996.8766666666667 4385638.4925054675
1612270142 8.213333333333333 54.12733333333333 996.8633333333333 4386891.339979242
1612270201 8.209999999999999 54.08599999999999 996.84 4387386.524508675
1612270261 8.209999999999999 54.053333333333335 996.79 4387360.3302916
1612270321 8.209999999999999 53.98566666666667 996.7599999999999 4388857.69634263
1612270381 8.209999999999999 53.89766666666666 996.7233333333334 4388829.8109349245
1612270441 8.213333333333333 53.85399999999999 996.7133333333335 4388746.479061308
1612270501 8.209999999999999 53.78233333333333 996.6466666666666 4389531.699082585
1612270561 8.209999999999999 53.778 996.6266666666667 4389249.888143196
1612270622 8.209999999999999 53.727 996.5966666666667 4389816.82591439
1612270681 8.213333333333333 53.681999999999995 996.5866666666667 4390237.102000895
1612270741 8.22 53.608666666666664 996.5866666666667 4390067.311844161
1612270802 8.22 53.52766666666667 996.6266666666667 4390208.998351327
1612270862 8.22 53.427666666666674 996.6133333333333 4391176.500621303
1612270921 8.22 53.388666666666666 996.64 4391547.900042638
1612270981 8.223333333333334 53.20066666666667 996.6766666666666 4391980.069611803
1612271042 8.236666666666666 52.933 996.6866666666666 4392847.163436923
1612271101 8.25 52.59033333333334 996.7266666666668 4394396.724604991
1612271161 8.263333333333334 52.302666666666674 996.7866666666665 4395467.568589746
1612271222 8.28 52.078 996.7966666666666 4396450.925133744
1612271281 8.299999999999999 51.97966666666667 996.82 4397599.228882841
1612271341 8.32 51.91533333333333 996.8066666666667 4397963.552137297
1612271401 8.34 51.666999999999994 996.7933333333334 4399622.683608751
1612271461 8.356666666666667 51.37033333333333 996.8066666666667 4399993.702775792
1612271521 8.38 51.10833333333333 996.8266666666667 4401405.566751131
1612271581 8.4 50.81133333333333 996.8433333333334 4402503.009997623
1612271641 8.42 50.650666666666666 996.8666666666667 4403525.2997158505
1612271702 8.436666666666666 50.48166666666666 996.8866666666667 4404526.48183662
1612271761 8.450000000000001 50.34633333333334 996.9166666666666 4405466.614977842
1612271821 8.463333333333333 50.169000000000004 996.9500000000002 4406249.487764603
1612271882 8.483333333333334 50.011 996.9966666666666 4405661.824813599
1612271941 8.493333333333332 49.936 996.9966666666666 4404883.006550331
1612272001 8.503333333333334 49.86033333333334 997.0233333333332 4403947.693747095
1612272061 8.52 49.772 997.0300000000001 4404852.07116695
1612272121 8.523333333333333 49.69133333333334 996.9933333333333 4404883.006550331
1612272181 8.536666666666667 49.589 997.0 4405599.507936359
1612272241 8.549999999999999 49.556666666666665 996.9866666666667 4406580.003979307
1612272301 8.553333333333333 49.60466666666667 996.9966666666666 4406021.941117736
1612272362 8.553333333333333 49.846666666666664 996.9966666666666 4404790.390055953
1612272421 8.549999999999999 50.11366666666667 996.9699999999999 4403494.4907049835
1612272481 8.543333333333335 50.531666666666666 996.9466666666667 4401587.251224643
1612272542 8.53 50.773666666666664 996.9766666666668 4400891.9991577
1612272601 8.52 50.88133333333334 997.0033333333334 4400522.338997581
1612272661 8.52 50.86933333333334 997.0466666666666 4400992.954682187
1612272721 8.513333333333334 50.75333333333333 997.0466666666666 4401307.982202684
1612272781 8.51 50.651999999999994 997.0533333333333 4401654.292407799
1612272841 8.503333333333334 50.69 997.0 4401745.410850328
1612272901 8.5 50.75733333333333 996.9466666666667 4401465.882974637
1612272962 8.5 50.76933333333333 996.9399999999999 4401023.204489663
1612273021 8.5 50.66 996.9166666666666 4399497.594920734
1612273081 8.5 50.449000000000005 996.8866666666667 4398269.507336271
1612273142 8.5 50.389 996.88 4398086.70077525
1612273201 8.503333333333334 50.39666666666667 996.8333333333334 4398146.171888213
1612273261 8.503333333333334 50.405 996.8166666666667 4398730.295158216
1612273321 8.513333333333334 50.29333333333333 996.7933333333334 4399342.751453805
1612273381 8.52 50.13133333333334 996.83 4400648.766368805
1612273441 8.52 49.99533333333333 996.8366666666667 4401120.151034333
1612273501 8.523333333333333 49.910666666666664 996.8866666666667 4402026.189301649
1612273561 8.53 49.834666666666664 996.9633333333335 4402724.0286153145
1612273622 8.53 49.74466666666667 996.9666666666667 4402982.189246152
1612273681 8.536666666666667 49.62566666666667 996.9966666666666 4404164.244157727
1612273741 8.54 49.522333333333336 997.0066666666667 4404588.416081411
1612273802 8.549999999999999 49.470666666666666 996.9933333333333 4405108.26925973
1612273861 8.556666666666667 49.37833333333333 996.9933333333333 4405599.507936359
1612273921 8.56 49.300999999999995 996.94 4406454.855703122
1612273982 8.566666666666666 49.25066666666667 996.9666666666667 4407181.669082008
1612274041 8.573333333333334 49.251666666666665 996.98 4407515.532277469
1612274101 8.583333333333334 49.242 997.0233333333332 4407871.775316079
1612274161 8.583333333333334 49.300000000000004 997.1133333333333 4407338.913734764
1612274221 8.59 49.32866666666666 997.19 4406903.574330902
1612274281 8.59 49.26500000000001 997.2133333333335 4406280.936493854
1612274341 8.603333333333332 49.24866666666667 997.2800000000001 4406414.607464827
1612274401 8.61 49.29866666666667 997.3166666666666 4406021.941117736
1612274461 8.62 49.300666666666665 997.3233333333334 4406312.450288544
1612274521 8.63 49.266333333333336 997.3333333333334 4406249.487764603
1612274582 8.643333333333334 49.22533333333333 997.2833333333333 4406840.2195909275
1612274641 8.65 49.24 997.2466666666666 4406572.5037910035
1612274701 8.66 49.28266666666667 997.2033333333334 4406674.54556551
1612274762 8.67 49.15833333333333 997.2366666666667 4406414.607464827
1612274821 8.68 48.99433333333334 997.2000000000002 4407275.820877811
1612274881 8.69 48.864666666666665 997.2166666666667 4408270.817392506
1612274941 8.696666666666665 48.775666666666666 997.2466666666666 4408840.032663415
1612275001 8.709999999999999 48.727666666666664 997.29 4408968.333576449
1612275061 8.72 48.66933333333333 997.3166666666667 4408198.6235083295
1612275121 8.733333333333334 48.63333333333333 997.3166666666666 4409306.739079494
1612275181 8.743333333333332 48.620000000000005 997.3633333333333 4408808.124201796
1612275242 8.753333333333334 48.61966666666667 997.3866666666667 4408502.771388643
1612275301 8.77 48.59133333333333 997.3833333333333 4408470.862927024
1612275361 8.783333333333333 48.537 997.35 4408799.560273546
1612275422 8.799999999999999 48.51766666666666 997.34 4407935.261609431
1612275481 8.82 48.458666666666666 997.3333333333334 4407871.775316079
1612275541 8.833333333333334 48.37133333333333 997.31 4408270.817392506
1612275601 8.85 48.26466666666666 997.31 4408735.275986225
1612275661 8.87 48.233000000000004 997.2400000000001 4408735.275986225
1612275721 8.896666666666668 48.208333333333336 997.2133333333335 4408166.6485485835
1612275781 8.933333333333334 48.19233333333333 997.1933333333333 4408230.665174297
1612275841 8.959999999999999 48.15966666666666 997.19 4407723.028086473
1612275902 8.99 48.10433333333334 997.1766666666666 4407031.076009172
1612275961 9.01 48.10466666666667 997.17 4407229.069910514
1612276021 9.04 48.177 997.1933333333333 4406604.2798771905
1612276082 9.07 48.181999999999995 997.2266666666668 4405881.968736579
1612276141 9.103333333333332 48.15833333333333 997.2400000000001 4405717.9493730385
1612276201 9.14 48.062666666666665 997.25 4405322.857211056
1612276261 9.17 47.96366666666666 997.2466666666666 4404640.916277981
1612276321 9.200000000000001 47.89566666666667 997.1866666666666 4405029.176342344
1612276381 9.24 47.91166666666666 997.1466666666666 4404672.7584486995
1612276441 9.276666666666666 47.937333333333335 997.0300000000001 4403805.443277004
1612276501 9.313333333333333 47.92433333333333 997.0033333333334 4403163.898376068
1612276561 9.35 47.833666666666666 997.0033333333334 4403067.134700409
1612276621 9.39 47.73333333333333 997.0066666666667 4402336.504123356
1612276682 9.44 47.571 997.0300000000001 4401358.922841853
1612276741 9.483333333333334 47.40333333333333 997.0333333333333 4400639.445270979
1612276801 9.533333333333333 47.163333333333334 997.0466666666666 4400608.061405868
1612276862 9.59 46.93266666666667 997.0633333333334 4400358.697580268
1612276921 9.633333333333333 46.849333333333334 997.1 4399553.350787523
1612276981 9.673333333333332 46.76233333333334 997.0866666666667 4398907.407415653
1612277041 9.72 46.722 997.11 4398511.0327710835
1612277101 9.76 46.60666666666666 997.15 4397051.715080839
1612277161 9.803333333333333 46.44566666666666 997.1033333333334 4396240.824095037
1612277221 9.84 46.351 997.1 4395737.201841951
1612277281 9.883333333333333 46.29533333333333 997.0733333333334 4395318.515511352
1612277342 9.93 46.095000000000006 997.0133333333333 4394967.457820929
1612277401 9.97 45.53 996.9566666666666 4396122.1560862195
1612277461 10.02 45.03066666666666 996.92 4397387.421987387
1612277522 10.07 44.573 996.9333333333334 4399276.540101384
1612277581 10.113333333333335 44.50566666666666 997.0033333333334 4397294.615642466
1612277641 10.153333333333334 44.47566666666666 997.0166666666668 4395564.237455384
1612277702 10.203333333333333 44.38933333333333 997.0866666666667 4394759.166753376
1612277761 10.25 44.244 997.0866666666667 4394912.584767147
1612277821 10.29 44.101 997.1466666666666 4394234.216586059
1612277881 10.34 43.925666666666665 997.17 4394936.83692184
1612277941 10.37 43.851333333333336 997.2433333333333 4393629.836899899
1612278002 10.406666666666666 43.80466666666666 997.2933333333334 4392180.900630132
1612278061 10.450000000000001 43.34233333333333 997.2866666666665 4398085.867830092
1612278122 10.48 43.36533333333333 997.35 4394642.845961039
1612278181 10.51 43.14033333333333 997.3566666666667 4395237.9128199415
1612278241 10.53 43.26566666666667 997.3933333333333 4392723.739981197
1612278302 10.549999999999999 43.285333333333334 997.4 4392528.4566365415
1612278361 10.57 43.29766666666666 997.41 4391987.589721954
1612278421 10.59 43.26533333333333 997.4699999999999 4390610.741558505
1612278481 10.61 43.264 997.5266666666666 4391834.4842723
1612278541 10.633333333333333 43.24533333333333 997.4966666666666 4390500.458650657
1612278601 10.66 43.211666666666666 997.4766666666668 4390269.331914303
1612278661 10.69 43.105 997.41 4390812.23705961
1612278721 10.709999999999999 43.107 997.3566666666667 4389540.555649818
1612278782 10.733333333333334 43.00066666666667 997.3133333333334 4389522.347051432
1612278841 10.76 42.929 997.2933333333334 4389570.683258161
1612278901 10.783333333333331 42.815999999999995 997.2566666666667 4389292.725112882
1612278962 10.81 42.701666666666675 997.2766666666666 4388481.402372606
1612279021 10.843333333333334 42.486 997.2966666666666 4390580.491751029
1612279081 10.87 42.443333333333335 997.2800000000001 4388069.227093541
1612279141 10.9 42.11533333333333 997.2400000000001 4391946.61939845
1612279201 10.916666666666666 42.151 997.2199999999999 4388386.993753598
1612279261 10.933333333333332 42.08866666666666 997.23 4387190.799159084
1612279321 10.950000000000001 41.91433333333333 997.2266666666668 4388069.227093541
1612279381 10.979999999999999 41.75533333333333 997.1766666666666 4388189.373329686
1612279442 11.003333333333336 41.78066666666666 997.1266666666667 4387114.7817585785
1612279501 11.04 41.611333333333334 997.1 4389480.482715372
1612279561 11.07 41.596000000000004 997.11 4388817.18973783
1612279622 11.1 41.57066666666667 997.1133333333333 4387370.656146801
1612279681 11.113333333333335 41.62833333333333 997.1266666666667 4385590.328002156
1612279741 11.133333333333333 41.669666666666664 997.1633333333333 4384337.112386066
1612279801 11.156666666666666 41.681666666666665 997.1899999999999 4384366.580950269
1612279861 11.173333333333332 41.66766666666667 997.2166666666667 4384205.413045472
1612279921 11.209999999999999 41.467999999999996 997.2333333333332 4389262.59750454
1612279981 11.229999999999999 41.361999999999995 997.2566666666667 4387658.933893421
1612280041 11.26 41.052 997.23 4391968.288740326
1612280101 11.29 41.064 997.21 4389649.788657138
1612280161 11.303333333333333 40.73766666666666 997.1866666666666 4390873.168011268
1612280222 11.323333333333332 40.544 997.1566666666666 4390250.293611233
1612280281 11.339999999999998 40.53 997.1 4388481.402372606
1612280341 11.36 40.568666666666665 997.0533333333333 4385724.01898727
1612280402 11.383333333333333 40.635 997.0166666666668 4384031.186977991
1612280461 11.410000000000002 40.633 997.0466666666666 4383798.807473016
1612280521 11.443333333333333 40.53933333333333 997.0333333333333 4385190.460375032
1612280581 11.479999999999999 40.342000000000006 997.0366666666665 4387416.390029882
1612280641 11.503333333333336 40.13366666666666 997.0499999999998 4389401.469834417
1612280701 11.533333333333331 39.98566666666667 997.0300000000001 4392974.092468535
1612280761 11.57 39.98466666666667 997.0166666666668 4394967.457820929
1612280821 11.6 40.077666666666666 996.9733333333334 4387416.390029882
1612280882 11.63 40.157333333333334 996.9966666666666 4383158.863159318
1612280941 11.663333333333334 40.23733333333333 996.96 4381308.91693695
1612281001 11.69 40.29933333333333 996.96 4378773.869579014
1612281062 11.713333333333333 40.31733333333334 996.9566666666666 4378259.159279625
1612281121 11.743333333333332 40.291333333333334 996.9666666666667 4379686.087353351
1612281181 11.770000000000001 40.32366666666667 996.9699999999999 4378135.715446458
1612281242 11.803333333333333 39.931000000000004 996.9566666666666 4384425.521056067
1612281301 11.823333333333332 39.833333333333336 997.0166666666668 4382177.436249108
1612281361 11.843333333333334 39.73133333333333 997.0266666666666 4380275.809116094
1612281421 11.863333333333335 39.55133333333333 997.0300000000001 4381634.396085753
1612281481 11.886666666666668 39.44866666666667 997.0499999999998 4379869.081769892
1612281541 11.916666666666666 39.256 997.0300000000001 4385769.505748562
1612281601 11.946666666666665 39.181666666666665 997.0300000000001 4389004.034120189
1612281662 11.979999999999999 39.123666666666665 997.0266666666666 4386231.276376284
1612281721 12.006666666666666 39.131 997.0366666666665 4386800.844632512
1612281781 12.030000000000001 39.195 997.02 4381054.161457081
1612281842 12.049999999999999 39.15333333333333 997.0233333333332 4379214.109948127
1612281901 12.07 39.13133333333334 996.9833333333332 4379378.251405845
1612281961 12.103333333333332 38.877 996.9666666666667 4385547.735212907
1612282022 12.133333333333333 38.88400000000001 996.9566666666666 4381990.693905308
1612282081 12.160000000000002 38.915 996.94 4381065.549101482
1612282141 12.193333333333333 38.963666666666676 996.9866666666667 4380753.56296753
1612282201 12.223333333333334 38.94433333333333 996.9733333333334 4380006.336517876
1612282261 12.26 38.861 997.0066666666667 4381518.957885248
1612282321 12.293333333333335 38.669000000000004 997.0499999999998 4385088.971087389
1612282381 12.33 38.518 997.0300000000001 4383606.851254257
1612282441 12.35 38.59066666666667 996.9733333333334 4379435.403456095
1612282502 12.373333333333333 38.54066666666667 996.9699999999999 4378697.799916946
1612282561 12.39 38.63633333333333 996.98 4375357.6671294635
1612282621 12.403333333333334 38.63466666666667 996.93 4375273.684341081
1612282682 12.43 38.57833333333334 996.93 4375126.194757912
1612282741 12.453333333333333 38.57233333333333 996.8633333333333 4376507.11051954
1612282801 12.479999999999999 38.550999999999995 996.8566666666667 4375633.5220461385
1612282861 12.51 38.44233333333333 996.7833333333333 4376451.28538261
1612282921 12.533333333333331 38.370666666666665 996.7766666666666 4377662.98576071
1612282981 12.57 38.23499999999999 996.82 4381990.522782189
1612283041 12.589999999999998 38.25633333333334 996.82 4379600.443516713
1612283101 12.613333333333335 38.17166666666666 996.8233333333334 4383651.125709067
1612283162 12.643333333333336 38.01233333333334 996.8466666666667 4385239.853504948
1612283221 12.673333333333332 37.94266666666667 996.8466666666667 4384852.1115333
1612283281 12.700000000000001 38.06733333333333 996.87 4377709.5258623
1612283342 12.72 37.953 996.8366666666667 4380201.931308295
1612283401 12.74 37.81933333333334 996.82 4379032.140816958
1612283462 12.756666666666668 37.79533333333334 996.85 4379208.136485216
1612283521 12.786666666666667 37.830000000000005 996.9133333333333 4377983.958342934
1612283581 12.81 37.806 996.9633333333335 4378793.762100334
1612283641 12.839999999999998 37.626666666666665 997.0433333333334 4387090.272624866
1612283701 12.86 37.67133333333333 997.0933333333334 4378879.06980816
1612283761 12.876666666666665 37.751 997.0833333333334 4372830.046215333
1612283821 12.896666666666668 37.797666666666665 997.11 4371564.106996495
1612283881 12.933333333333332 37.818000000000005 997.11 4373503.3706078
1612283942 12.956666666666665 37.818666666666665 997.16 4370600.633491485
1612284001 12.973333333333334 37.81833333333333 997.1633333333333 4367783.062921925
1612284061 12.983333333333334 37.814 997.1966666666667 4367398.591637138
1612284122 13.0 37.78366666666667 997.2066666666666 4366368.884913565
1612284181 13.020000000000001 37.751 997.2433333333333 4366936.614639495
1612284241 13.036666666666667 37.73733333333333 997.2733333333332 4365748.356368903
1612284302 13.076666666666668 37.62166666666666 997.33 4372377.383096033
1612284361 13.1 37.696 997.3433333333334 4367402.680364384
1612284421 13.123333333333333 37.653333333333336 997.41 4366555.992146792
1612284481 13.160000000000002 37.401666666666664 997.3966666666666 4368671.061759827
1612284541 13.18 37.411 997.4 4365667.642615634
1612284601 13.209999999999999 37.224 997.3566666666667 4365963.47492908
1612284661 13.243333333333332 37.11266666666666 997.3466666666667 4368694.265167863
1612284721 13.273333333333333 37.03 997.2966666666666 4369363.830551704
1612284782 13.31 36.782999999999994 997.3466666666667 4373655.52573488
1612284841 13.339999999999998 36.632666666666665 997.3866666666667 4371110.914279771
1612284901 13.36 36.681999999999995 997.3766666666667 4366285.702274763
1612284962 13.383333333333333 36.66166666666666 997.3933333333333 4365133.512623626
1612285021 13.410000000000002 36.70666666666667 997.4133333333333 4364258.117397755
1612285081 13.436666666666667 36.758 997.4066666666666 4362326.393108616
1612285141 13.459999999999999 36.789 997.4466666666667 4361683.615768715
1612285201 13.49 36.797333333333334 997.37 4360996.352074888
1612285261 13.516666666666666 36.69766666666667 997.3933333333333 4364179.061647375
1612285321 13.543333333333335 36.65633333333333 997.3533333333334 4362325.627341545
1612285381 13.58 36.35466666666667 997.2533333333334 4366371.441607706
1612285441 13.6 36.30133333333333 997.2199999999999 4366557.131592938
1612285501 13.62 36.39966666666667 997.2000000000002 4361991.35362038
1612285562 13.64 36.46 997.1833333333334 4362506.969172651
1612285621 13.663333333333334 36.471666666666664 997.17 4361735.824190531
1612285681 13.68 36.535666666666664 997.1333333333333 4358808.556055085
1612285742 13.693333333333333 36.47733333333333 997.1633333333333 4358423.235883302
1612285801 13.709999999999999 36.27033333333333 997.1466666666666 4359632.858707756
1612285861 13.723333333333334 36.001 997.13 4361425.852900877
1612285921 13.743333333333332 35.986 997.1 4361479.132508943
1612285981 13.773333333333333 35.94733333333333 997.0633333333334 4361223.174550267
1612286041 13.799999999999999 35.684333333333335 997.0133333333333 4364947.762282186
1612286101 13.813333333333333 35.67766666666666 996.98 4362818.787321261
1612286161 13.83 35.64533333333333 996.9133333333333 4363339.212066566
1612286222 13.846666666666666 35.70466666666667 996.9 4362715.116503306
1612286281 13.86 35.790666666666674 996.87 4361327.39543105
1612286341 13.88 35.90633333333333 996.8733333333333 4359485.120318799
1612286402 13.9 35.90566666666667 996.8566666666667 4360182.837021838
1612286461 13.92 35.69166666666666 996.8466666666667 4364815.007937437
1612286521 13.93 35.33533333333333 996.8533333333334 4366016.372954022
1612286582 13.950000000000001 35.23833333333334 996.8966666666666 4365533.818034119
1612286641 13.97 35.217333333333336 996.8966666666666 4366665.64187415
1612286701 13.99 35.348 996.8266666666667 4363131.948948712
1612286761 14.006666666666668 35.48499999999999 996.8233333333333 4360487.63658734
1612286821 14.030000000000001 35.56166666666667 996.7966666666666 4358812.335481318
1612286881 14.06 35.495 996.7866666666665 4359208.671089885
1612286941 14.086666666666666 35.42333333333334 996.7599999999999 4359212.835718538
1612287001 14.11 35.36966666666667 996.75 4358289.829185062
1612287061 14.133333333333333 35.409 996.7233333333334 4357195.88680543
1612287121 14.153333333333334 35.354 996.69 4356849.365900461
1612287182 14.183333333333332 35.196 996.6933333333333 4356874.7720429925
1612287241 14.226666666666667 34.989666666666665 996.7166666666667 4363052.092666287
1612287301 14.243333333333332 35.080333333333336 996.73 4359131.596291953
1612287362 14.26 35.067 996.7166666666667 4357753.348139815
1612287421 14.283333333333331 34.85166666666667 996.7400000000001 4359286.179428139
1612287481 14.31 34.571666666666665 996.73 4361838.268145545
1612287541 14.339999999999998 34.47466666666667 996.7433333333333 4361762.002233918
1612287601 14.36 34.531 996.7599999999999 4360666.555940421
1612287661 14.38 34.63066666666666 996.7833333333333 4356829.225328215
1612287721 14.39 34.649 996.7733333333332 4355864.5232835915
1612287781 14.426666666666668 34.28 996.8033333333333 4359632.858707756
1612287842 14.443333333333333 34.38366666666666 996.7599999999999 4357093.598267565
1612287901 14.466666666666669 34.145 996.7266666666668 4358020.996542329
1612287961 14.493333333333332 33.968 996.6433333333333 4361503.361239131
1612288022 14.513333333333334 33.934666666666665 996.5033333333334 4361197.24146239
1612288081 14.533333333333331 33.992666666666665 996.4666666666667 4358791.080577314
1612288141 14.549999999999999 34.034 996.4266666666666 4356611.092862809
1612288201 14.58 34.029333333333334 996.4366666666666 4356611.092862809
1612288261 14.6 34.035333333333334 996.4 4357144.647267387
1612288321 14.62 34.11366666666667 996.3966666666666 4354891.85764939
1612288381 14.646666666666668 34.04966666666667 996.35 4356534.874303838
1612288441 14.673333333333332 34.047333333333334 996.3100000000001 4355458.827122598
1612288502 14.693333333333333 34.04366666666667 996.2833333333333 4354805.352939487
1612288561 14.709999999999999 33.95033333333333 996.2266666666668 4354866.592432636
1612288621 14.729999999999999 33.901666666666664 996.16 4353652.791955684
1612288682 14.756666666666668 33.68333333333334 996.1133333333333 4356201.849333095
1612288741 14.780000000000001 33.62233333333334 996.1166666666667 4356272.207154921
1612288801 14.813333333333333 33.449999999999996 996.1366666666667 4360010.676648109
1612288861 14.85 33.49966666666666 996.12 4358170.236429411
1612288921 14.876666666666665 33.425000000000004 996.1266666666667 4358709.664798252
1612288981 14.9 33.464666666666666 996.11 4354899.311212565
1612289041 14.93 33.46166666666667 996.0300000000001 4352973.596812229
1612289101 14.950000000000001 33.50533333333333 995.9699999999999 4351393.025571984
1612289161 14.97 33.48 995.9433333333333 4351467.573909269
1612289221 15.0 33.30433333333333 995.9233333333333 4359981.811629577
1612289282 15.020000000000001 33.15266666666667 995.9 4362300.3134622155
1612289341 15.04 32.93766666666667 995.9266666666666 4365186.508267618
1612289401 15.049999999999999 33.02666666666667 995.8266666666667 4357369.978188791
1612289462 15.053333333333333 33.074333333333335 995.7666666666668 4353610.818995107
1612289521 15.07 32.876666666666665 995.7766666666666 4355655.272632615
1612289581 15.089999999999998 32.999 995.7466666666666 4353308.550778223
1612289642 15.113333333333335 33.018 995.7266666666668 4354490.996009909
1612289701 15.14 33.119 995.68 4350765.006094919
1612289761 15.173333333333332 33.01466666666667 995.6533333333333 4355383.1714872075
1612289821 15.200000000000001 33.159 995.6233333333333 4351213.037284538
1612289881 15.243333333333332 32.96333333333334 995.59 4354490.996009909
1612289941 15.270000000000001 32.728 995.5866666666667 4358537.861965033
1612290001 15.283333333333331 32.907333333333334 995.58 4350775.219963079
1612290061 15.299999999999999 32.9 995.5766666666667 4349237.363795879
1612290122 15.31 33.00733333333333 995.5499999999998 4347324.718552333
1612290181 15.32 33.024 995.5033333333334 4346935.147902508
1612290241 15.336666666666666 32.830999999999996 995.4699999999999 4347667.535819233
1612290302 15.346666666666666 32.83766666666667 995.4833333333332 4346535.165034918
1612290361 15.363333333333335 32.855999999999995 995.5266666666666 4347178.195395528
1612290421 15.373333333333333 32.968333333333334 995.4933333333333 4346595.615098276
1612290482 15.410000000000002 32.898666666666664 995.4733333333334 4348444.962954664
1612290541 15.44 32.63733333333334 995.4466666666667 4353328.548539055
1612290601 15.466666666666667 32.80133333333333 995.4466666666667 4348517.895375558
1612290661 15.503333333333336 32.44233333333333 995.39 4352631.88428966
1612290722 15.54 32.105333333333334 995.3566666666667 4354135.023771306
1612290781 15.576666666666668 31.848666666666663 995.34 4356971.396526559
1612290841 15.596666666666666 31.575333333333333 995.3533333333334 4360059.175048837
1612290902 15.62 31.516666666666666 995.3166666666666 4355896.513451904
1612290961 15.653333333333334 31.629666666666665 995.3133333333334 4351607.662896559
1612291021 15.673333333333332 31.825 995.3066666666667 4348269.190286772
1612291082 15.69 31.905 995.35 4346559.38773371
1612291141 15.713333333333333 31.774666666666665 995.3266666666667 4346450.637479444
1612291201 15.733333333333334 31.665666666666667 995.3066666666667 4346911.012794104
1612291261 15.76 31.691000000000003 995.2333333333332 4346595.615098276
1612291321 15.773333333333333 31.810000000000002 995.1933333333333 4344732.779265941
1612291381 15.793333333333335 31.729666666666663 995.1566666666666 4344754.054562124
1612291441 15.81 31.566333333333333 995.1533333333333 4345133.373156284
1612291501 15.833333333333334 31.57166666666667 995.1466666666666 4346366.211093997
1612291562 15.853333333333332 31.643666666666665 995.1066666666667 4344895.788286307
1612291621 15.89 31.600333333333335 995.0499999999998 4348793.220028164
1612291681 15.913333333333334 31.414666666666665 995.0466666666666 4351228.836447423
1612291742 15.933333333333332 31.497 994.9266666666666 4348355.675149405
1612291801 15.959999999999999 31.526 994.9066666666666 4348036.279891108
1612291861 15.983333333333334 31.59866666666667 994.9033333333333 4346378.232035677
1612291921 16.0 31.72666666666667 994.83 4343467.393394518
1612291981 16.013333333333335 31.798333333333332 994.79 4342357.919575035
1612292041 16.026666666666667 31.708333333333332 994.7366666666667 4342896.654197004
1612292101 16.040000000000003 31.723000000000003 994.7333333333332 4342216.834288192
1612292161 16.06 31.496 994.6966666666667 4345981.616090511
1612292222 16.080000000000002 31.584000000000003 994.6866666666666 4344095.695506164
1612292281 16.113333333333333 31.552333333333333 994.6733333333333 4346293.805650229
1612292341 16.150000000000002 31.33866666666667 994.6033333333334 4347767.029598133
1612292402 16.180000000000003 31.165333333333336 994.5600000000001 4346523.340506359
1612292461 16.2 31.332666666666665 994.5066666666667 4343210.061135643
1612292522 16.209999999999997 31.36133333333333 994.4366666666666 4341389.206202915
1612292581 16.23 31.356666666666666 994.4 4341342.3456307305
1612292641 16.25 31.427333333333337 994.3566666666667 4340565.1192486
1612292701 16.28 31.34 994.3366666666667 4341977.227448344
1612292761 16.3 31.382 994.2999999999998 4340028.074090968
1612292822 16.313333333333333 31.48733333333333 994.2333333333332 4338552.645732672
1612292881 16.323333333333334 31.365 994.2333333333332 4338996.1698942315
1612292941 16.346666666666668 31.166666666666668 994.2066666666666 4340989.3545363555
1612293002 16.37 31.05366666666667 994.19 4343953.341669266
1612293061 16.400000000000002 30.90433333333333 994.1233333333333 4348001.765235055
1612293121 16.41 31.17233333333333 994.0833333333334 4349936.859936469
1612293182 16.569999999999997 32.22899999999999 994.0733333333333 4347399.29227768
1612293241 16.75333333333333 33.095333333333336 994.0333333333333 4337496.234844474
1612293301 16.959999999999997 33.330999999999996 994.0333333333333 4331325.34869098
1612293361 17.16 33.29566666666666 993.9566666666666 4325167.0724601615
1612293421 17.373333333333335 33.142 993.87 4322255.208907894
1612293481 17.593333333333334 32.88466666666667 993.8866666666667 4320524.577557135
1612293541 17.790000000000003 32.63999999999999 993.84 4318450.255899678
1612293813 19.953333333333333 29.03533333333333 993.6066666666667 4225025.791382682
1612293841 19.976666666666667 27.956333333333333 993.6033333333334 4370803.048865347
1612293901 20.16 28.330666666666662 993.5566666666667 4467073.378241601
1612293962 20.286666666666665 27.592333333333332 993.5533333333333 4476350.164557192
1612294021 20.496666666666666 27.832000000000004 993.4733333333334 4466934.185819243
1612294081 20.26666666666667 27.701333333333338 993.4633333333335 4536902.097772116
1612294142 20.099999999999998 27.920666666666666 993.46 4565485.514601575
1612294201 20.133333333333333 27.064000000000004 993.4266666666666 4571518.964608212
1612294261 19.956666666666667 27.472333333333335 993.4266666666666 4608872.9296534555
1612294321 20.09 27.215000000000003 993.3766666666667 4595256.519641363
1612294381 19.96666666666667 27.072666666666667 993.32 4623259.726089863
1612294441 20.290000000000003 28.375333333333334 993.3166666666667 4553919.760271883
1612294502 20.540000000000003 27.204666666666668 993.3133333333334 4564982.368417961
1612294561 20.680000000000003 28.007 993.2966666666666 4542087.670750891
1612294621 20.826666666666668 27.367333333333335 993.27 4541569.758432304
1612294682 20.86 28.191999999999997 993.2166666666667 4506192.505012953
1612294741 20.849999999999998 27.764 993.2166666666667 4503231.042948924
1612294801 20.656666666666666 26.962333333333333 993.2366666666667 4541172.790747046
1612294862 20.349999999999998 26.201666666666668 993.17 4592116.68200392
1612294921 20.37666666666667 27.351333333333333 993.2033333333334 4589416.06367262
1612294981 20.28 27.136 993.1466666666666 4593733.035390725
1612295041 19.983333333333334 26.430000000000003 993.1833333333334 4659739.618294055
1612295101 20.326666666666664 27.377333333333336 993.1366666666667 4594271.95972816
1612295161 19.76666666666667 25.430000000000003 993.15 4693050.656860563
1612295221 19.709999999999997 26.674333333333333 993.1333333333333 4706578.861157214
1612295281 19.66 26.407 993.0766666666667 4667985.247950035
1612295342 19.8 27.141666666666666 993.1066666666667 4672462.386263917
1612295401 19.66 26.269666666666666 993.0866666666667 4704923.638090573
1612295461 19.463333333333335 26.06266666666667 993.1266666666667 4672019.8038452035
1612295522 19.436666666666667 26.097333333333335 993.1266666666667 4749744.882663832
1612295581 19.28333333333333 26.127 993.11 4743405.416154438
1612295641 19.203333333333333 26.614666666666665 993.08 4746992.16903824
1612295702 19.14 26.884333333333334 993.0133333333333 4740637.03865514
1612295761 19.096666666666668 26.425333333333338 992.9733333333334 4738244.987116746
1612295821 19.09 26.060333333333336 992.9366666666666 4692438.967025921
1612295881 19.28333333333333 26.987 992.79 4695884.073012539
1612295941 19.703333333333333 26.499666666666666 992.9 4694585.0666696
1612296001 19.62 26.104 992.89 4686968.75812249
1612296061 19.693333333333335 26.765 992.8733333333333 4669736.187403092
1612296121 19.680000000000003 26.606333333333335 992.82 4671650.961475085
1612296181 19.34 24.953 992.7466666666666 4778323.774033283
1612296241 19.193333333333335 25.99366666666667 992.7199999999999 4787102.532180441
1612296301 19.09 26.013666666666666 992.69 4785952.60329012
1612296361 19.133333333333333 26.218666666666667 992.6533333333333 4792025.647548699
1612296422 19.226666666666663 26.457333333333334 992.6466666666666 4776314.866264609
1612296481 19.356666666666666 27.185666666666666 992.6633333333333 4749140.423647719
1612296541 19.47 27.01133333333333 992.5933333333334 4692671.6544321105
1612296602 19.64 27.293333333333333 992.6133333333333 4671266.299901062
1612296661 19.61 27.069333333333333 992.5533333333333 4676998.681764356
1612296721 19.87 28.022666666666666 992.5 4683528.832697977
1612296782 19.886666666666667 26.640666666666664 992.4966666666666 4675129.595957104
1612296841 19.763333333333335 27.048333333333332 992.4500000000002 4709800.0132728685
1612296901 19.803333333333335 27.070333333333334 992.4633333333335 4699253.969306804
1612296961 19.74 27.989 992.3733333333333 4705312.465569784
1612297021 19.67 26.33866666666667 992.33 4707352.360037589
1612297082 19.403333333333332 25.918333333333333 992.3033333333333 4694058.0270112725
1612297141 19.19 25.67566666666666 992.2566666666667 4773555.2841541795
1612297201 19.25 27.067333333333334 992.2233333333334 4766044.463595946
1612297262 19.69 27.787666666666667 992.2033333333334 4698247.301787554
1612297321 19.89 27.188333333333333 992.1966666666667 4687518.72370698
1612297381 20.14333333333333 28.05933333333333 992.13 4647403.3731293725
1612297442 20.133333333333333 26.191333333333336 992.1466666666666 4691616.34083424
1612297501 20.11 26.584999999999997 992.1233333333333 4690548.720849512
1612297561 19.790000000000003 24.973333333333333 992.14 4752131.757174995
1612297621 19.69 26.22066666666667 992.0866666666667 4752127.856071024
1612297681 19.48 25.55666666666667 992.1266666666667 4801429.882159835
1612297741 19.48 26.054333333333332 992.0933333333334 4783247.070749154
1612297801 19.566666666666666 26.57166666666667 992.1166666666667 4775806.059513443
1612297861 19.67 26.420333333333332 992.1433333333333 4778441.831470777
1612297921 19.67 26.40433333333333 992.1533333333333 4775996.925098863
1612297981 19.813333333333333 26.494 992.12 4746684.454824836
1612298041 19.98 27.072000000000003 992.1433333333333 4691071.686869745
1612298101 20.02 25.81833333333333 992.1433333333333 4751579.290331832
1612298162 19.963333333333335 26.577333333333332 992.15 4747252.888157936
1612298221 19.830000000000002 25.996 992.1533333333333 4755733.926894304
1612298281 19.803333333333335 26.523666666666667 992.16 4745054.398665051
1612298342 19.98 27.53 992.15 4683717.28422721
1612298401 19.94 26.366 992.18 4685107.838856102
1612298461 19.98 26.631333333333334 992.1733333333333 4684101.800589991
1612298521 19.849999999999998 25.809 992.1333333333333 4762240.2932148585
1612298581 19.75333333333333 26.638333333333332 992.2066666666666 4775220.208868048
1612298641 19.746666666666666 26.465666666666667 992.1933333333333 4774793.816791231
1612298701 19.836666666666666 26.586 992.2400000000001 4760522.635369336
1612298761 19.69666666666667 25.882 992.1833333333334 4797588.8445606725
1612298822 19.55 25.444 992.23 4831209.20669297
1612298881 19.403333333333332 26.469666666666665 992.2166666666667 4832563.779535187
1612298941 19.69666666666667 27.015 992.2066666666666 4790330.681913119
1612299002 19.75333333333333 25.935999999999996 992.2000000000002 4799223.927858267
1612299061 19.95 27.695333333333334 992.1933333333333 4738657.478324284
1612299121 19.92 26.183666666666667 992.1866666666666 4747873.033297983
1612299182 19.936666666666667 26.135 992.1633333333333 4731559.070212486
1612299241 19.930000000000003 26.34566666666667 992.1366666666667 4744448.010988167
1612299301 20.00333333333333 26.664666666666665 992.1466666666666 4693485.976161872
1612299361 20.19 26.259333333333334 992.0966666666667 4675112.871630492
1612299421 20.05 25.181 992.1033333333334 4750325.251202929
1612299481 20.256666666666664 27.05366666666667 992.0533333333333 4702556.789125585
1612299541 20.61 26.711000000000002 992.0266666666666 4662191.105191319
1612299601 20.53333333333333 25.669333333333338 991.9733333333334 4699024.311658113
1612299661 20.25333333333333 24.86866666666667 991.9933333333333 4740520.601053222
1612299721 20.26 26.200999999999997 992.0 4705145.964635131
1612299781 20.423333333333332 26.376333333333335 991.9833333333332 4676671.98268214
1612299841 20.153333333333332 25.336 991.96 4695845.944163036
1612299902 20.113333333333333 25.718 991.9533333333334 4746654.554339475
1612299961 20.00333333333333 25.12333333333333 991.9500000000002 4783320.091424606
1612300021 19.8 25.438 991.8833333333333 4823815.870915229
1612300082 19.746666666666666 25.30033333333333 991.85 4816769.815637358
1612300141 19.546666666666667 25.91133333333333 991.81 4845836.01577733
1612300201 19.616666666666667 25.965 991.7966666666666 4838266.266360875
1612300262 19.7 25.989 991.7466666666666 4825184.683074773
1612300321 19.883333333333333 25.547 991.77 4802432.69961215
1612300381 19.790000000000003 25.415333333333333 991.8233333333334 4848670.379954409
1612300441 19.786666666666665 25.22666666666667 991.7800000000001 4852946.427011903
1612300501 19.883333333333333 25.858999999999998 991.69 4829494.04934856
1612300561 19.883333333333333 25.668333333333333 991.6566666666666 4824228.983520751
1612300621 19.8 25.607 991.5933333333334 4821163.870961524
1612300681 19.87666666666667 25.463666666666665 991.5533333333333 4826893.597052188
1612300742 19.773333333333333 25.045 991.5499999999998 4845975.150054005
1612300801 19.78 26.03933333333333 991.5333333333333 4829920.466586874
1612300861 20.01 26.252333333333336 991.4833333333332 4772407.744782208
1612300922 20.080000000000002 26.173666666666666 991.4733333333334 4764665.737860019
1612300981 20.080000000000002 25.489333333333335 991.4633333333335 4775616.208041551
1612301041 20.12 25.91433333333333 991.4 4759323.637258782
1612301101 20.163333333333334 25.276666666666667 991.39 4778526.949702877
1612301161 20.03333333333333 25.543333333333333 991.4233333333333 4796397.463765251
1612301221 20.183333333333334 26.368333333333336 991.3666666666667 4744043.593462501
1612301281 20.099999999999998 25.191000000000003 991.4233333333333 4790058.21280441
1612301341 20.09 25.793000000000003 991.4 4768742.70287851
1612301402 19.953333333333333 24.904666666666667 991.3533333333334 4808941.509832543
1612301461 20.069999999999997 25.415666666666667 991.37 4789101.31014722
1612301521 20.05 25.214 991.3066666666667 4804390.475949075
1612301581 20.09 25.551333333333332 991.2666666666668 4808354.272619202
1612301642 20.02 25.230333333333334 991.2566666666667 4827748.0410138285
1612301701 20.023333333333333 24.942999999999998 991.2233333333334 4818814.67806844
1612301761 19.896666666666665 24.900666666666666 991.2466666666666 4834720.237571072
1612301822 19.75333333333333 24.596999999999998 991.2566666666667 4859404.163341738
1612301881 19.616666666666664 24.599 991.2999999999998 4882632.310243322
1612301941 19.56 24.765666666666664 991.35 4898529.860258411
1612302002 19.793333333333333 25.755666666666666 991.4166666666666 4841658.130508704
1612302061 19.926666666666666 25.215333333333334 991.3733333333333 4807879.586044154
1612302121 19.87666666666667 24.866333333333333 991.4566666666666 4842738.287412389
1612302181 19.933333333333334 25.308333333333334 991.4833333333332 4810311.804809607
1612302241 20.150000000000002 25.386333333333337 991.4500000000002 4763145.642719777
1612302301 20.153333333333332 24.903000000000002 991.43 4786324.510803069
1612302361 20.393333333333334 25.971666666666668 991.4433333333333 4682030.968237479
1612302421 20.286666666666665 25.068 991.4066666666666 4750431.681724198
1612302482 20.02 24.108 991.39 4842675.167031667
1612302541 19.833333333333332 24.244666666666664 991.34 4867306.073243906
1612302601 19.75333333333333 24.892 991.3100000000001 4875639.7809157735
1612302662 19.709999999999997 24.879333333333335 991.2733333333332 4879561.737929037
1612302721 19.87 25.595 991.2933333333334 4817768.379554257
1612302781 19.87 25.441666666666666 991.2533333333334 4824504.558439287
1612302842 19.873333333333335 25.495333333333335 991.2533333333334 4821579.544200287
1612302901 20.040000000000003 25.497666666666664 991.2533333333334 4779043.801648469
1612302961 20.336666666666666 26.425 991.2066666666666 4681991.775086773
1612303021 20.183333333333334 24.682666666666666 991.1833333333333 4761111.347118794
1612303081 20.099999999999998 24.969000000000005 991.1066666666667 4808266.372458017
1612303141 20.02 25.043000000000003 991.0466666666666 4819739.590949067
1612303201 20.113333333333333 25.569 991.0133333333333 4776293.579765734
1612303261 19.98 24.828999999999997 991.0466666666666 4815675.998584499
1612303321 19.98 25.514 991.0333333333333 4803425.931099709
1612303381 20.03 25.615 991.08 4787859.729187597
1612303441 19.900000000000002 25.33366666666667 991.1166666666667 4829928.1900443155
1612303501 19.983333333333334 25.515666666666664 991.0633333333334 4820477.492504914
1612303561 19.88 24.568 991.0966666666667 4858287.983601545
1612303621 20.246666666666666 26.387666666666664 991.0733333333334 4685643.480345327
1612303681 20.48 26.182 991.1166666666667 4684367.708147082
1612303742 20.330000000000002 24.80966666666667 991.1533333333333 4737453.197552442
1612303801 20.12 25.127666666666666 991.15 4785125.484763752
1612303861 20.013333333333335 25.198666666666668 991.1333333333333 4799778.680194291
1612303922 19.84 24.801333333333332 991.17 4831298.679643857
1612303981 19.76 25.255 991.1899999999999 4822984.972046477
1612304041 19.64 25.197999999999997 991.18 4873162.862892982
1612304101 19.64 25.299000000000003 991.1733333333333 4865033.444338995
1612304161 19.603333333333335 25.201000000000004 991.1633333333333 4871327.902614697
1612304221 19.459999999999997 25.104 991.14 4912588.673039923
1612304281 19.459999999999997 25.68733333333333 991.1266666666667 4891656.089664367
1612304341 19.603333333333335 26.48333333333333 991.1266666666667 4841576.603832694
1612304402 19.67 25.75166666666667 991.1233333333333 4844282.961748378
1612304461 19.78333333333333 26.260333333333335 991.09 4810447.326960288
1612304521 19.830000000000002 25.555000000000003 991.07 4829597.538156512
1612304582 19.75 25.105 991.0566666666667 4868546.170643616
1612304641 19.73 25.166 991.0233333333332 4855392.019109326
1612304701 19.72 25.579666666666668 990.9733333333334 4833131.590196556
1612304762 19.723333333333333 26.067666666666668 990.9833333333332 4828655.194851314
1612304821 19.709999999999997 25.650666666666666 990.9500000000002 4837645.538922566
1612304881 19.89 26.096 990.9366666666666 4797116.507980352
1612304941 20.099999999999998 26.13633333333333 990.9966666666666 4764749.710694978
1612305001 20.166666666666668 24.99533333333333 990.9666666666667 4807070.054871438
1612305061 20.099999999999998 24.737333333333336 991.0266666666666 4833445.830987006
1612305121 20.01 25.358333333333334 991.0166666666668 4834695.5742225265
1612305181 20.163333333333334 25.513333333333335 991.0266666666666 4774564.764020538
1612305241 20.223333333333333 25.583 991.0433333333334 4781510.7484072065
1612305302 20.193333333333335 25.534666666666666 991.04 4787198.372063815
1612305361 20.099999999999998 24.540333333333333 991.0533333333333 4802509.452970342
1612305421 20.063333333333333 25.38 991.0266666666666 4801032.923961104
1612305482 20.14 25.215333333333334 991.0166666666668 4782468.85653658
1612305541 20.080000000000002 25.06566666666667 991.0300000000001 4816128.849692511
1612305601 19.87 24.601333333333333 990.9666666666667 4874779.940013343
1612305662 19.78 25.163 990.9966666666666 4884588.43395078
1612305721 19.849999999999998 25.436666666666667 990.9533333333334 4827033.226248979
1612305781 19.86 25.447666666666667 990.9333333333334 4833994.085115577
1612305841 19.863333333333333 25.2 990.9266666666666 4837945.045054491
1612305901 19.733333333333334 25.15233333333333 990.9966666666666 4875446.286479155
1612305961 19.92 25.82133333333333 990.9566666666666 4836984.278550936
1612306021 19.993333333333336 25.257 990.9833333333332 4822504.220480433
1612306081 19.99 25.384333333333334 990.9566666666666 4841201.928583062
1612306142 19.84 24.897000000000002 990.94 4851592.703120433
1612306201 19.72 24.68466666666667 990.9366666666666 4893006.899506207
1612306261 19.72 24.964333333333332 990.9500000000002 4861881.258259351
1612306322 19.76 25.618666666666666 990.93 4858152.233443684
1612306381 19.81 25.657333333333337 990.87 4844282.961748378
1612306441 19.66 25.500666666666664 990.86 4877898.601608593
1612306501 19.680000000000003 25.57766666666667 990.8366666666667 4863713.2201502565
1612306561 19.709999999999997 25.828666666666667 990.87 4865219.159046922
1612306621 19.646666666666665 25.882 990.91 4863613.623790585
1612306681 19.8 26.226333333333333 990.9500000000002 4789359.731022823
1612306741 19.746666666666666 25.269666666666666 990.93 4857084.983507148
1612306802 19.75 25.477999999999998 990.92 4860897.58730745
1612306861 19.726666666666667 25.375333333333334 990.8666666666667 4869790.325592834
1612306921 19.66 25.451999999999998 990.8833333333333 4866453.100369816
1612306981 19.673333333333332 25.635333333333335 990.8966666666666 4869071.735674608
1612307041 19.59 25.701333333333334 990.9333333333334 4889082.837733918
1612307101 19.55 25.278666666666666 990.9166666666666 4898282.420196504
1612307161 19.526666666666667 25.643666666666665 990.9266666666666 4889871.069214618
1612307222 19.593333333333334 26.188666666666666 990.9333333333334 4870653.992970373
1612307281 19.693333333333335 26.548 990.8733333333333 4830557.810031917
1612307341 19.74 26.358666666666668 990.9 4802640.456663674
1612307402 19.64 25.51266666666667 990.8666666666667 4855288.267198466
1612307461 19.61 26.063666666666666 990.8033333333333 4839166.355630401
1612307521 19.569999999999997 26.061999999999998 990.7766666666666 4851995.91371482
1612307581 19.64 25.865 990.8066666666667 4840604.3067574045
1612307641 19.453333333333333 25.907333333333337 990.8266666666667 4887783.589205507
1612307701 19.403333333333332 26.22266666666667 990.8466666666667 4887423.591050879
1612307761 19.55 26.274666666666665 990.8366666666667 4849744.241011273
1612307821 19.5 25.74466666666667 990.8666666666667 4894153.778888987
1612307882 19.603333333333335 25.80933333333333 990.8766666666667 4862533.889433228
1612307941 19.580000000000002 25.900333333333332 990.8833333333333 4867830.070661784
1612308001 19.51 25.552000000000003 990.89 4890145.085654958
1612308062 19.47 26.11 990.8733333333333 4886446.753260427
1612308121 19.36 26.00333333333333 990.8433333333334 4900091.848772154
1612308181 19.473333333333333 26.25533333333333 990.83 4850263.582901333
1612308241 19.39 25.888666666666666 990.8133333333334 4880650.580385368
1612308301 19.493333333333336 25.864333333333335 990.8066666666667 4834225.976306347
1612308361 19.423333333333332 25.825333333333333 990.7866666666665 4871327.902614697
1612308421 19.34 25.766333333333336 990.77 4882732.3648190005
1612308481 19.236666666666668 26.04133333333333 990.7366666666667 4909813.801139145
1612308542 19.403333333333332 26.003 990.7633333333333 4865748.878341068
1612308601 19.403333333333332 25.74 990.8333333333334 4878134.8416011045
1612308661 19.400000000000002 25.807999999999996 990.88 4882334.0165991075
1612308721 19.3 26.283 990.9266666666666 4889413.924206414
1612308782 19.263333333333335 25.938333333333333 990.91 4905044.24539112
1612308841 19.14 26.14333333333333 990.9266666666667 4917443.576594372
1612308901 19.17 26.484333333333336 990.93 4893352.051294209
1612308962 19.163333333333334 26.19066666666667 990.9533333333334 4900192.013796615
1612309021 19.080000000000002 26.754 990.98 4887957.161181909
1612309081 19.17 26.366666666666664 991.0133333333333 4872727.205882761
1612309142 19.2 26.683000000000003 991.0033333333334 4866071.256993335
1612309201 19.040000000000003 25.879333333333335 990.9833333333332 4919417.202984365
1612309261 18.913333333333334 26.36633333333333 990.9833333333332 4927290.1618850585
1612309322 18.900000000000002 26.659333333333333 991.0 4910299.5941924965
1612309381 18.84 26.659000000000002 991.0966666666667 4908210.208592112
1612309441 18.89333333333333 26.694 991.1033333333334 4897691.171019329
1612309502 18.786666666666665 26.676 991.1366666666667 4922373.35483412
1612309561 18.746666666666666 26.89566666666667 991.1433333333333 4918817.33031739
1612309621 18.69 26.819 991.1533333333333 4930518.1889257245
1612309681 18.66 26.913666666666668 991.1466666666666 4925358.864576986
1612309741 18.69666666666667 27.17833333333333 991.1166666666667 4924698.145224771
1612309801 18.673333333333332 26.931 991.0866666666667 4944521.952916154
1612309861 18.62 27.132666666666665 991.0333333333333 4934138.759113073
1612309921 18.62 27.122666666666664 991.0533333333333 4932324.444374282
1612309981 18.64 27.133 991.08 4920120.215144289
1612310041 18.64 27.119333333333334 991.0733333333334 4917033.134706547
1612310101 18.56 27.151666666666667 991.08 4933100.476356729
1612310161 18.46666666666667 27.115333333333336 991.1033333333334 4925051.608546956
1612310221 18.599999999999998 27.72666666666667 991.0966666666667 4880254.151628097
1612310281 18.66 27.129333333333335 991.0766666666667 4896556.648030383
1612310341 18.69666666666667 27.06866666666667 991.08 4898579.621182633
