1611270541 20.096666666666668 75.26966666666668 985.5966666666667 134847.58939847906
1611270601 20.093333333333334 74.82633333333332 985.5933333333334 197161.2173560407
1611270661 20.06 75.07466666666666 985.6333333333333 276681.42104889656
1611270721 19.97 74.67966666666666 985.62 349592.4897768341
1611270782 19.94 74.36866666666667 985.6666666666666 416269.7688481131
1611270841 19.900000000000002 74.76933333333334 985.61 474270.49145419616
1611270901 19.790000000000003 76.16333333333334 985.65 551898.9623991196
1611270962 19.836666666666666 75.651 985.6166666666667 623108.4732151877
1611271021 19.833333333333332 75.06700000000001 985.64 683671.6926407089
1611271081 19.853333333333335 75.39733333333334 985.6833333333334 757125.823710896
1611271142 19.89 75.466 985.7266666666668 819558.6357778463
1611271201 19.903333333333332 74.71066666666667 985.7599999999999 899044.9244395574
1611271261 19.923333333333332 74.70233333333333 985.7266666666668 973495.8827412099
1611271321 19.89333333333333 74.61966666666666 985.6833333333334 1063631.0219402544
1611271381 19.873333333333335 76.14433333333334 985.6366666666667 1109096.998347335
1611271441 19.86 76.57133333333333 985.58 1150352.4013969132
1611271501 19.713333333333335 76.24033333333334 985.5733333333334 1190293.620183063
1611271561 19.73 77.64033333333334 985.59 1223001.5886429923
1611271622 19.743333333333336 75.80333333333334 985.6 1309312.1907119073
1611271681 19.663333333333334 75.33133333333333 985.5466666666666 1371920.4267900505
1611271741 19.650000000000002 76.819 985.52 1395968.346061912
1611271802 19.623333333333335 76.067 985.5266666666666 1522630.1736547314
1611271861 19.69 76.48933333333333 985.5499999999998 1524387.215745218
1611271921 19.713333333333335 78.01733333333333 985.59 1578186.7319532845
1611271981 19.7 77.02833333333332 985.65 1726405.8124043236
1611272041 19.67 76.00333333333333 985.6633333333333 1753308.6574474946
1611272101 19.72 75.41633333333333 985.68 1790985.7456870405
1611272161 19.77 75.728 985.73 1896705.0878432856
1611272222 19.666666666666668 77.06833333333333 985.7233333333334 2143639.154946283
1611272281 19.59 75.77933333333333 985.7000000000002 2181426.0164929447
1611272341 19.47 74.903 985.6566666666666 2210331.4605452213
1611272402 19.39 74.49666666666667 985.6 2122759.4973338814
1611272461 19.426666666666666 73.59933333333333 985.5766666666667 2137106.4597594757
1611272521 19.48 72.76566666666666 985.5633333333334 2209481.3375086393
1611272582 19.413333333333334 72.40666666666667 985.5466666666666 2141826.4107453483
1611272641 19.50333333333333 72.07633333333332 985.57 2124285.7527337377
1611272701 19.55 72.39933333333333 985.5633333333334 2173343.701931355
1611272761 19.61 72.36833333333334 985.5833333333334 2181018.703599367
1611272821 19.64333333333333 72.242 985.6366666666667 2257566.043209461
1611272881 19.63 72.595 985.6433333333333 2276352.677331961
1611272941 19.60666666666667 72.697 985.6233333333333 2263099.8812750326
1611273001 19.61 72.667 985.6 2302381.8370970525
1611273062 19.573333333333334 72.39866666666667 985.58 2499824.903308897
1611273121 19.569999999999997 71.678 985.5533333333333 2453862.150927193
1611273181 19.596666666666668 72.21133333333333 985.5866666666667 2409425.0618249057
1611273242 19.59 72.26133333333333 985.5366666666665 2513402.572440556
1611273301 19.599999999999998 73.44133333333333 985.57 2412873.427391958
1611273361 19.573333333333334 73.44666666666666 985.5499999999998 2408370.1645118194
1611273421 19.61 71.883 985.5933333333334 2517217.232931601
1611273481 19.613333333333333 72.95633333333333 985.6366666666667 2510827.37625721
1611273541 19.59 71.609 985.64 2550897.55715418
