1612310401 18.64 27.326333333333338 991.11 4900541.462033077
1612310461 18.569999999999997 27.195999999999998 991.11 4906963.930686309
1612310521 18.583333333333332 27.425666666666668 991.1533333333333 4895009.892049798
1612310582 18.56 27.518 991.1533333333333 4908781.3205370745
1612310641 18.430000000000003 27.438666666666666 991.11 4918515.722299257
1612310701 18.423333333333332 27.780666666666665 991.1 4918565.75865249
1612310762 18.37 27.636 991.0766666666667 4926272.21284934
1612310821 18.30666666666667 27.88566666666667 991.0866666666667 4913271.093654913
1612310881 18.233333333333334 27.922666666666668 991.0666666666666 4928264.987415741
1612310942 18.243333333333336 27.86033333333333 991.0766666666667 4914945.980324411
1612311001 18.13 28.010999999999996 991.0666666666666 4924100.84521569
1612311061 18.180000000000003 28.542 991.0866666666667 4895035.685963883
1612311122 18.25 27.951666666666668 991.08 4903577.100146955
1612311181 18.23 28.268 991.0499999999998 4901768.309385985
1612311241 18.193333333333335 28.146 991.0499999999998 4912387.720081297
1612311302 18.150000000000002 28.296333333333337 991.0733333333334 4905542.643157722
1612311361 18.163333333333334 28.208333333333332 991.0833333333334 4902525.7901142305
1612311421 18.14 28.33366666666667 991.0766666666667 4902285.013336802
1612311482 18.173333333333332 28.659333333333333 991.09 4878965.444845588
1612311541 18.080000000000002 28.430666666666667 991.0466666666666 4903526.550466928
1612311601 18.05666666666667 28.514333333333337 991.0333333333333 4910341.423494737
1612311662 18.026666666666667 28.74266666666667 991.0466666666666 4896099.12935275
1612311721 18.066666666666666 28.701999999999998 991.0333333333333 4884677.735991135
1612311781 18.026666666666667 28.383333333333336 991.0633333333334 4907045.844315697
1612311842 17.98 28.679666666666666 991.0333333333333 4904676.087703056
1612311901 17.95 28.526666666666667 991.0366666666665 4904055.313565648
1612311961 17.98 28.691666666666663 991.0066666666667 4894233.064007209
1612312021 17.943333333333335 28.569666666666667 991.02 4891262.819751652
1612312081 17.97 28.633 991.0133333333333 4892329.643972951
1612312142 18.066666666666666 28.578 991.04 4879246.449720268
1612312201 17.983333333333334 28.660666666666668 991.06 4890011.002275289
1612312261 17.900000000000002 28.767 991.04 4905398.684192455
1612312322 17.89 28.941666666666666 991.0466666666666 4896807.631670116
1612312381 17.943333333333335 28.938000000000002 991.02 4882083.2292387085
1612312441 17.986666666666668 28.579666666666668 991.04 4878474.22526729
1612312502 17.95 28.653000000000002 991.0066666666667 4887122.006782718
1612312561 17.88 28.698666666666668 991.0300000000001 4887498.021370116
1612312621 17.84 28.56533333333333 991.04 4905303.836706743
1612312681 17.873333333333335 28.871333333333336 991.0433333333334 4857408.484003899
1612312741 17.833333333333332 28.73866666666667 991.0566666666667 4864790.817816325
1612312801 17.713333333333335 28.721666666666664 991.1033333333334 4882685.095288366
1612312861 17.673333333333332 28.921000000000003 991.07 4871553.077596588
1612312921 17.67 29.189333333333334 991.1166666666667 4872379.096018206
1612312982 17.653333333333332 28.963333333333335 991.11 4842666.424810382
1612320899 22.316666666666663 35.336999999999996 991.11 4316378.3884337135
1612320902 22.55666666666667 34.592999999999996 991.1266666666667 11890.15061060081
1612320962 22.376666666666665 32.795 991.1233333333333 67014.90854360977
1612321021 22.409999999999997 32.208999999999996 991.13 102094.34364423917
1612321081 22.463333333333335 32.065 991.19 140060.6454064796
1612321142 22.513333333333335 31.623333333333335 991.2033333333334 174410.48309759932
1612321201 22.53333333333333 31.568 991.1866666666666 209459.76730353196
1612321261 22.52333333333333 31.824333333333332 991.2066666666666 243189.55078757295
1612321321 22.496666666666666 31.852999999999998 991.2033333333334 275599.1540840182
1612321381 22.49 32.13966666666667 991.2233333333334 311137.3255745741
1612321441 22.55 32.167 991.2166666666667 341411.4629146871
1612321501 23.34 36.40566666666667 991.2000000000002 369391.3353428422
1612321561 24.00333333333333 30.980999999999998 991.1866666666666 384525.75064021326
1612321622 24.896666666666665 30.923666666666666 991.1433333333333 407747.5209221241
1612321681 24.77333333333333 32.20666666666667 991.15 414011.80870001804
1612321741 25.823333333333334 31.473 991.1366666666667 434701.57710684167
1612321802 26.066666666666663 29.126 991.13 410291.8221694106
1612321861 25.286666666666665 27.287666666666667 991.1333333333333 437132.4284327429
1612321921 24.89333333333333 29.626666666666665 991.1633333333333 490007.2377716924
1612321982 24.33 28.280666666666665 991.2133333333335 523879.4453154775
1612322041 23.69 29.08966666666667 991.2133333333335 569752.7003640265
1612322101 23.22 31.36633333333333 991.19 620222.4172682128
1612322161 23.27333333333333 30.826333333333334 991.2400000000001 643608.0901842777
1612322221 23.406666666666666 30.627666666666666 991.2633333333333 663884.178874545
1612322281 23.209999999999997 30.569 991.2400000000001 844309.1793499134
1612322341 23.13 30.764666666666667 991.2633333333333 813755.8059934635
1612322401 23.043333333333333 30.952 991.2766666666666 820301.5460471557
1612322462 22.94666666666667 31.025000000000002 991.3033333333333 846593.9840536286
1612322521 22.853333333333335 31.259 991.3233333333334 862626.5385888166
1612322581 22.76 31.348333333333333 991.3433333333334 904789.4832582817
1612322642 22.663333333333338 31.418666666666667 991.37 925844.4681306672
1612322701 22.576666666666668 31.56866666666667 991.3366666666667 964460.3981583972
1612322761 22.50333333333333 31.665000000000003 991.3466666666667 997805.1880072254
1612322822 22.433333333333334 31.775666666666666 991.2666666666668 1023278.4767412986
1612322881 22.373333333333335 31.959666666666664 991.2833333333333 1045413.6758239851
1612322941 22.316666666666663 32.06633333333333 991.2199999999999 1073374.2248563275
1612323001 22.26666666666667 32.133 991.2466666666666 1097726.8494225813
1612323061 22.226666666666663 32.283 991.2400000000001 1129236.1316091237
1612323122 22.186666666666667 32.297 991.2333333333332 1159723.4576409096
1612323181 22.146666666666665 32.428 991.2199999999999 1178361.6909977763
1612323241 22.116666666666664 32.49933333333333 991.2666666666668 1201414.4023824488
1612323302 22.086666666666662 32.632 991.2733333333332 1232605.5208708474
1612323361 22.060000000000002 32.693666666666665 991.2966666666666 1255371.9662649527
1612323421 22.03333333333333 32.696666666666665 991.2999999999998 1273619.6137163683
1612323482 22.013333333333335 32.68633333333333 991.3033333333333 1303318.2401240787
1612323541 21.996666666666666 32.747 991.2800000000001 1323056.0725481699
1612323601 21.976666666666663 32.74633333333333 991.25 1354112.167232026
1612323661 21.956666666666667 32.746 991.2433333333333 1375376.8043826986
1612323721 21.939999999999998 32.874 991.2433333333333 1398361.3021939842
1612323781 21.923333333333332 32.89766666666667 991.2366666666667 1430866.951228669
1612323841 21.916666666666668 32.885999999999996 991.2466666666666 1437700.710678919
1612323901 21.906666666666666 32.955000000000005 991.2333333333332 1464010.1470987794
1612323962 21.89333333333333 33.013666666666666 991.2266666666668 1485174.3579899902
1612324021 21.89 33.062000000000005 991.2066666666666 1507173.763054124
1612324081 21.883333333333336 33.068999999999996 991.19 1522130.4725417467
1612324142 21.876666666666665 33.11966666666667 991.2566666666667 1537436.3790536749
1612324201 21.873333333333335 33.17633333333333 991.2733333333332 1554349.5692652233
1612324261 21.866666666666664 33.20166666666667 991.2733333333332 1579641.3430180363
1612324321 21.863333333333333 33.12733333333333 991.2733333333332 1601730.1941327408
1612324381 21.86 33.07366666666667 991.2533333333334 1628544.7224465983
1612324441 21.853333333333335 33.169999999999995 991.27 1653426.2902417153
1612324501 21.853333333333335 33.15566666666667 991.2166666666667 1685211.6833288018
1612324561 21.853333333333335 33.15 991.2400000000001 1696163.615328179
1612324622 21.846666666666664 33.023 991.2199999999999 1731283.009928583
1612324681 21.846666666666664 33.06433333333334 991.2166666666667 1751072.915965479
1612324741 21.846666666666664 33.08733333333333 991.18 1779891.7221838848
1612324802 21.846666666666664 33.452666666666666 991.21 1779793.7993803974
1612324861 21.853333333333335 33.352 991.2333333333332 1786869.9417866927
1612324921 21.853333333333335 33.37766666666666 991.21 1820449.9253873464
1612324982 21.853333333333335 33.37 991.2133333333335 1838644.3434333892
1612325041 21.863333333333333 33.544999999999995 991.21 1868414.7910777777
1612325101 21.87 33.46633333333333 991.2033333333334 1876008.100348382
1612325161 21.89 33.415 991.2433333333333 1895400.8623819423
1612325221 21.913333333333338 33.424 991.2233333333334 1895446.6568142169
1612325281 21.936666666666667 33.32566666666667 991.2766666666666 1903285.8335361024
1612325341 21.956666666666667 33.232 991.27 1909243.0397657491
1612325401 21.983333333333334 33.043 991.2666666666668 1935265.894610213
1612325462 22.01 33.06666666666667 991.29 1955861.1267286623
1612325521 22.03333333333333 33.733666666666664 991.2999999999998 1955842.6854420404
1612325581 22.060000000000002 33.189 991.2566666666667 1991873.514038813
1612325642 22.076666666666668 32.94566666666666 991.2766666666666 2013727.6005079716
1612325701 22.093333333333334 32.994 991.3233333333334 2029634.1205217538
1612325761 22.103333333333335 32.731 991.31 2043122.377796851
1612325822 22.113333333333333 32.89833333333333 991.3133333333334 2071958.6894954068
1612325881 22.123333333333335 32.98266666666667 991.3433333333334 2072048.976492359
1612325941 22.133333333333336 32.94866666666667 991.34 2107510.713447133
1612326001 22.146666666666665 32.99533333333334 991.3666666666667 2099283.216228569
1612326061 22.146666666666665 32.72 991.3533333333334 2119801.7434345786
1612326122 22.156666666666666 32.95166666666667 991.34 2138278.478920954
1612326181 22.159999999999997 32.778 991.3233333333334 2136021.1988901463
1612326241 22.156666666666666 32.74333333333333 991.3033333333333 2177748.309742782
1612326302 22.156666666666666 32.739666666666665 991.3166666666666 2197426.610290612
1612326361 22.156666666666666 32.75433333333333 991.33 2206941.620718666
1612326421 22.153333333333336 32.757000000000005 991.3333333333334 2247292.9204898197
1612326482 22.153333333333336 32.68833333333333 991.33 2266559.6593738054
1612326541 22.146666666666665 32.99 991.3433333333334 2286543.4521315885
1612326601 22.146666666666665 33.00966666666667 991.3033333333333 2293661.3324884195
1612326661 22.153333333333336 32.93666666666667 991.3233333333334 2316848.758047
1612326721 22.163333333333338 32.885333333333335 991.3366666666667 2313776.1004788363
1612326781 22.163333333333338 32.815 991.3266666666667 2327190.020558324
1612326841 22.163333333333338 32.77166666666667 991.2666666666668 2352673.3084181533
1612326901 22.163333333333338 32.53766666666667 991.2800000000001 2374008.7258953704
1612326962 22.156666666666666 32.567 991.2766666666666 2394242.3986316076
1612327021 22.153333333333336 32.63766666666667 991.2466666666666 2410056.4973441064
1612327081 22.14333333333333 32.47299999999999 991.2733333333332 2448672.3519151383
1612327142 22.14 32.712 991.2933333333334 2456771.706407782
1612327201 22.146666666666665 32.855333333333334 991.29 2463380.605543085
1612327261 22.136666666666667 32.60466666666667 991.32 2483597.6485727937
1612327321 22.133333333333336 32.54366666666667 991.29 2497128.652260689
1612327381 22.126666666666665 32.60733333333334 991.27 2538523.6493584095
1612327441 22.126666666666665 33.86266666666666 991.2866666666665 2545132.340149424
1612327501 22.133333333333336 34.675333333333334 991.2633333333333 2513795.1644843384
1612327561 22.14333333333333 34.64366666666667 991.2533333333334 2515240.7097179717
1612327622 22.156666666666666 33.696 991.2199999999999 2520334.761490049
1612327681 22.176666666666666 33.275000000000006 991.17 2501737.2482386376
1612327741 22.233333333333334 33.788000000000004 991.2066666666666 2544777.031232401
1612327802 22.296666666666667 33.571333333333335 991.2000000000002 2501285.634596947
1612327861 22.366666666666664 33.489666666666665 991.2266666666668 2504774.633866638
1612327921 22.433333333333334 33.214666666666666 991.2133333333335 2487928.971223638
1612327982 22.48 32.95966666666667 991.21 2484416.4105682448
1612328041 22.52333333333333 33.15866666666666 991.16 2469383.9967715605
1612328101 22.566666666666663 33.05233333333334 991.1633333333333 2511522.7012053663
1612328161 22.613333333333333 32.897 991.1466666666666 2553641.2070304877
1612328221 22.636666666666667 32.846000000000004 991.12 2539532.052313766
1612331221 22.223333333333333 33.693999999999996 991.3233333333333 1419512.0652150447
1612331281 22.236666666666668 33.64966666666667 991.2833333333333 1593154.2158550133
1612331468 22.276666666666667 33.684666666666665 991.2599999999999 1763289.41767163
1612331472 22.526666666666667 33.60266666666667 991.2866666666665 1569684.5033199668
1612331475 22.596666666666668 33.41766666666667 991.2533333333334 2425252.8158735847
1612331923 22.310000000000002 33.86633333333333 991.2433333333333 2059966.2191071988
1612331942 22.336666666666662 33.79266666666666 991.2266666666668 1537910.3794866859
1612332541 22.30333333333333 34.011 991.32 1617319.4225855246
1612332601 22.30666666666667 34.019333333333336 991.2566666666667 1308188.681378966
1612332661 22.313333333333333 34.07333333333334 991.2333333333332 1657098.0266944945
1612332721 22.319999999999997 33.989000000000004 991.2066666666666 1922916.0431562194
1612332781 22.323333333333334 33.97533333333333 991.2133333333335 2114670.685488883
1612332842 22.326666666666668 33.995666666666665 991.1933333333333 2234805.2405867125
1612332901 22.330000000000002 34.038999999999994 991.1766666666666 2337627.698286516
1612332961 22.336666666666662 33.99266666666667 991.1733333333333 2417800.5163029875
1612333022 22.336666666666662 34.013 991.1 2491757.6536032273
1612333081 22.336666666666662 34.029666666666664 991.1033333333334 2545624.878690906
1612333141 22.336666666666662 34.050000000000004 991.13 2583419.7056526216
1612333202 22.330000000000002 34.095 991.14 2622275.1438846034
1612333261 22.323333333333334 34.10399999999999 991.14 2668265.300904432
1612333323 22.319999999999997 34.154666666666664 991.1266666666667 2707399.3195471815
1612333382 22.316666666666663 34.13766666666667 991.0833333333334 2714612.103027999
1612333441 22.310000000000002 34.169999999999995 991.0633333333334 2765976.0244711987
1612333501 22.30333333333333 34.17066666666667 991.09 2808362.565429824
1612333562 22.296666666666667 34.190999999999995 991.0833333333334 2819243.164067805
1612333621 22.293333333333333 34.230333333333334 991.1133333333333 2830302.7762437738
1612333681 22.296666666666667 34.29666666666667 991.1 2847701.9329574457
1612333742 22.286666666666665 34.32233333333333 991.1233333333333 2854644.499346867
1612333801 22.286666666666665 34.36600000000001 991.1433333333333 2897683.4032877665
1612333861 22.28 34.327666666666666 991.0933333333334 2911497.6646070634
1612333921 22.276666666666667 34.35966666666667 991.0833333333334 2932690.17730206
1612333981 22.276666666666667 34.40533333333334 991.0833333333334 2953863.0391641897
1612334042 22.27333333333333 34.51533333333333 991.0633333333334 2953777.8293486126
1612334101 22.27333333333333 34.562999999999995 991.0333333333333 2970752.695381878
1612334161 22.26666666666667 34.586333333333336 991.0499999999998 2997501.901148602
1612334222 22.26666666666667 34.532333333333334 991.0433333333334 3007397.819457443
1612334281 22.26666666666667 34.562999999999995 991.0333333333333 3040745.9731562887
1612334341 22.263333333333335 34.568333333333335 991.0033333333334 3058369.796128568
1612334402 22.256666666666664 34.627 990.9666666666667 3078992.002103034
1612334463 22.25333333333333 34.63366666666667 990.9466666666667 3099727.085616477
1612334522 22.25 34.671 990.9866666666667 3110610.207417324
1612334581 22.246666666666666 34.67766666666666 990.9900000000001 3137388.5625287727
1612334641 22.243333333333336 34.74433333333334 991.0300000000001 3161612.879733177
1612334702 22.236666666666668 34.76233333333334 990.9966666666666 3164436.6649460793
1612334761 22.23 34.76866666666667 991.0066666666667 3175527.1973761185
1612334821 22.226666666666663 34.815999999999995 991.02 3178154.773569127
1612334881 22.223333333333333 34.862 991.0133333333333 3200606.839509941
1612334941 22.21666666666667 34.89333333333334 990.9933333333333 3178345.495058319
1612335002 22.21666666666667 34.88966666666667 990.98 3231594.129651949
1612335061 22.209999999999997 34.908 990.9500000000002 3251813.9355518855
